#
# There is insufficient memory for the Java Runtime Environment to continue.
# Native memory allocation (malloc) failed to allocate 517536 bytes for Chunk::new
# Possible reasons:
#   The system is out of physical RAM or swap space
#   The process is running with CompressedOops enabled, and the Java Heap may be blocking the growth of the native heap
# Possible solutions:
#   Reduce memory load on the system
#   Increase physical memory or swap space
#   Check if swap backing store is full
#   Decrease Java heap size (-Xmx/-Xms)
#   Decrease number of Java threads
#   Decrease Java thread stack sizes (-Xss)
#   Set larger code cache with -XX:ReservedCodeCacheSize=
#   JVM is running with Unscaled Compressed Oops mode in which the Java heap is
#     placed in the first 4GB address space. The Java Heap base address is the
#     maximum limit for the native heap growth. Please use -XX:HeapBaseMinAddress
#     to set the Java Heap base and to place the Java Heap above 4GB virtual address.
# This output file may be truncated or incomplete.
#
#  Out of Memory Error (arena.cpp:184), pid=16204, tid=16720
#
# JRE version: OpenJDK Runtime Environment Corretto-18.0.2.9.1 (18.0.2+9) (build 18.0.2+9-FR)
# Java VM: OpenJDK 64-Bit Server VM Corretto-18.0.2.9.1 (18.0.2+9-FR, mixed mode, sharing, tiered, compressed oops, compressed class ptrs, g1 gc, windows-amd64)
# No core dump will be written. Minidumps are not enabled by default on client versions of Windows
#

---------------  S U M M A R Y ------------

Command Line: -javaagent:C:\Program Files\JetBrains\IntelliJ IDEA Community Edition 2022.2.4\lib\idea_rt.jar=1566:C:\Program Files\JetBrains\IntelliJ IDEA Community Edition 2022.2.4\bin -Dfile.encoding=UTF-8 -Dsun.stdout.encoding=UTF-8 -Dsun.stderr.encoding=UTF-8 com.example.emailBackend.EmailBackendApplication

Host: Intel(R) Core(TM) i5-10210U CPU @ 1.60GHz, 8 cores, 7G,  Windows 10 , 64 bit Build 19041 (10.0.19041.2364)
Time: Wed Dec 28 20:03:41 2022 Egypt Standard Time elapsed time: 1.146241 seconds (0d 0h 0m 1s)

---------------  T H R E A D  ---------------

Current thread (0x000002657b8f3d80):  JavaThread "C2 CompilerThread1" daemon [_thread_in_native, id=16720, stack(0x000000868bb00000,0x000000868bc00000)]


Current CompileTask:
C2:   1146 1793       4       java.lang.invoke.MethodType::makeImpl (109 bytes)

Stack: [0x000000868bb00000,0x000000868bc00000]
Native frames: (J=compiled Java code, j=interpreted, Vv=VM code, C=native code)
V  [jvm.dll+0x685a2a]
V  [jvm.dll+0x82ae8d]
V  [jvm.dll+0x82c75e]
V  [jvm.dll+0x82ce03]
V  [jvm.dll+0x25ef4b]
V  [jvm.dll+0xd42d2]
V  [jvm.dll+0xd4665]
V  [jvm.dll+0x2ca852]
V  [jvm.dll+0x5907bf]
V  [jvm.dll+0x23bae0]
V  [jvm.dll+0x234e99]
V  [jvm.dll+0x232e1f]
V  [jvm.dll+0x1c0a35]
V  [jvm.dll+0x24212c]
V  [jvm.dll+0x240534]
V  [jvm.dll+0x7df6db]
V  [jvm.dll+0x7d9cba]
V  [jvm.dll+0x6848a5]
C  [ucrtbase.dll+0x21bb2]
C  [KERNEL32.DLL+0x17614]
C  [ntdll.dll+0x526a1]


---------------  P R O C E S S  ---------------

Threads class SMR info:
_java_thread_list=0x000002657c9243d0, length=15, elements={
0x0000026559326010, 0x000002657762fe60, 0x00000265776309d0, 0x000002657764a2a0,
0x000002657764ab50, 0x000002657764b400, 0x0000026577657440, 0x0000026577658160,
0x0000026577658a50, 0x0000026577659f60, 0x000002657b86b1a0, 0x000002657b8f3d80,
0x000002657b868ff0, 0x000002657b86bb40, 0x000002657b8694c0
}

Java Threads: ( => current thread )
  0x0000026559326010 JavaThread "main" [_thread_in_vm, id=19648, stack(0x000000868aa00000,0x000000868ab00000)]
  0x000002657762fe60 JavaThread "Reference Handler" daemon [_thread_blocked, id=1664, stack(0x000000868b100000,0x000000868b200000)]
  0x00000265776309d0 JavaThread "Finalizer" daemon [_thread_blocked, id=8072, stack(0x000000868b200000,0x000000868b300000)]
  0x000002657764a2a0 JavaThread "Signal Dispatcher" daemon [_thread_blocked, id=17876, stack(0x000000868b300000,0x000000868b400000)]
  0x000002657764ab50 JavaThread "Attach Listener" daemon [_thread_blocked, id=4328, stack(0x000000868b400000,0x000000868b500000)]
  0x000002657764b400 JavaThread "Service Thread" daemon [_thread_blocked, id=15760, stack(0x000000868b500000,0x000000868b600000)]
  0x0000026577657440 JavaThread "Monitor Deflation Thread" daemon [_thread_blocked, id=13752, stack(0x000000868b600000,0x000000868b700000)]
  0x0000026577658160 JavaThread "C2 CompilerThread0" daemon [_thread_in_native, id=13556, stack(0x000000868b700000,0x000000868b800000)]
  0x0000026577658a50 JavaThread "C1 CompilerThread0" daemon [_thread_blocked, id=16672, stack(0x000000868b800000,0x000000868b900000)]
  0x0000026577659f60 JavaThread "Sweeper thread" daemon [_thread_blocked, id=4736, stack(0x000000868b900000,0x000000868ba00000)]
  0x000002657b86b1a0 JavaThread "Common-Cleaner" daemon [_thread_blocked, id=13244, stack(0x000000868ba00000,0x000000868bb00000)]
=>0x000002657b8f3d80 JavaThread "C2 CompilerThread1" daemon [_thread_in_native, id=16720, stack(0x000000868bb00000,0x000000868bc00000)]
  0x000002657b868ff0 JavaThread "Monitor Ctrl-Break" daemon [_thread_in_native, id=15832, stack(0x000000868bc00000,0x000000868bd00000)]
  0x000002657b86bb40 JavaThread "Notification Thread" daemon [_thread_blocked, id=11224, stack(0x000000868bd00000,0x000000868be00000)]
  0x000002657b8694c0 JavaThread "Thread-0" [_thread_blocked, id=13876, stack(0x000000868c400000,0x000000868c500000)]

Other Threads:
  0x000002655939d590 VMThread "VM Thread" [stack: 0x000000868b000000,0x000000868b100000] [id=12876] _threads_hazard_ptr=0x000002657c9243d0
  0x000002657b9f6240 WatcherThread "VM Periodic Task Thread" [stack: 0x000000868be00000,0x000000868bf00000] [id=3204]
  0x000002655710c010 WorkerThread "GC Thread#0" [stack: 0x000000868ab00000,0x000000868ac00000] [id=2060]
  0x000002657c5bd9f0 WorkerThread "GC Thread#1" [stack: 0x000000868bf00000,0x000000868c000000] [id=12812]
  0x000002657c5bdc90 WorkerThread "GC Thread#2" [stack: 0x000000868c000000,0x000000868c100000] [id=18752]
  0x000002657c5de870 WorkerThread "GC Thread#3" [stack: 0x000000868c100000,0x000000868c200000] [id=18300]
  0x000002657c5deb10 WorkerThread "GC Thread#4" [stack: 0x000000868c200000,0x000000868c300000] [id=15572]
  0x000002657c5df5c0 WorkerThread "GC Thread#5" [stack: 0x000000868c300000,0x000000868c400000] [id=13032]
  0x0000026559392be0 ConcurrentGCThread "G1 Main Marker" [stack: 0x000000868ac00000,0x000000868ad00000] [id=15044]
  0x000002655710e240 WorkerThread "G1 Conc#0" [stack: 0x000000868ad00000,0x000000868ae00000] [id=18988]
  0x00000265593e4400 ConcurrentGCThread "G1 Refine#0" [stack: 0x000000868ae00000,0x000000868af00000] [id=3300]
  0x00000265593e5c30 ConcurrentGCThread "G1 Service" [stack: 0x000000868af00000,0x000000868b000000] [id=18520]

Threads with active compile tasks:
C2 CompilerThread0     1252 1814 %     4       java.util.Properties$LineReader::readLine @ 53 (584 bytes)
C2 CompilerThread1     1252 1793       4       java.lang.invoke.MethodType::makeImpl (109 bytes)

VM state: synchronizing (normal execution)

VM Mutex/Monitor currently owned by a thread:  ([mutex/lock_event])
[0x0000026559320010] Metaspace_lock - owner thread: 0x0000026559326010
[0x00000265593218c0] Threads_lock - owner thread: 0x000002655939d590
[0x00000265593226d0] Heap_lock - owner thread: 0x000002657b8694c0

Heap address: 0x0000000083000000, size: 2000 MB, Compressed Oops mode: 32-bit

CDS archive(s) mapped at: [0x0000000800000000-0x0000000800ba0000-0x0000000800ba0000), size 12189696, SharedBaseAddress: 0x0000000800000000, ArchiveRelocationMode: 0.
Compressed class space mapped at: 0x0000000800c00000-0x0000000840c00000, reserved size: 1073741824
Narrow klass base: 0x0000000800000000, Narrow klass shift: 0, Narrow klass range: 0x100000000

GC Precious Log:
 CardTable entry size: 512
 Card Set container configuration: InlinePtr #cards 5 size 8 Array Of Cards #cards 12 size 40 Howl #buckets 4 coarsen threshold 1843 Howl Bitmap #cards 512 size 80 coarsen threshold 460 Card regions per heap region 1 cards per card region 2048
 CPUs: 8 total, 8 available
 Memory: 7995M
 Large Page Support: Disabled
 NUMA Support: Disabled
 Compressed Oops: Enabled (32-bit)
 Heap Region Size: 1M
 Heap Min Capacity: 8M
 Heap Initial Capacity: 126M
 Heap Max Capacity: 2000M
 Pre-touch: Disabled
 Parallel Workers: 8
 Concurrent Workers: 2
 Concurrent Refinement Workers: 8
 Periodic GC: Disabled

Heap:
 garbage-first heap   total 129024K, used 33028K [0x0000000083000000, 0x0000000100000000)
  region size 1024K, 32 young (32768K), 3 survivors (3072K)
 Metaspace       used 14688K, committed 14912K, reserved 1114112K
  class space    used 1780K, committed 1856K, reserved 1048576K

Heap Regions: E=young(eden), S=young(survivor), O=old, HS=humongous(starts), HC=humongous(continues), CS=collection set, F=free, OA=open archive, CA=closed archive, TAMS=top-at-mark-start (previous, next)
|   0|0x0000000083000000, 0x0000000083100000, 0x0000000083100000|100%| O|  |TAMS 0x0000000083000000, 0x0000000083000000| Untracked 
|   1|0x0000000083100000, 0x0000000083141200, 0x0000000083200000| 25%| O|  |TAMS 0x0000000083100000, 0x0000000083100000| Untracked 
|   2|0x0000000083200000, 0x0000000083200000, 0x0000000083300000|  0%| F|  |TAMS 0x0000000083200000, 0x0000000083200000| Untracked 
|   3|0x0000000083300000, 0x0000000083300000, 0x0000000083400000|  0%| F|  |TAMS 0x0000000083300000, 0x0000000083300000| Untracked 
|   4|0x0000000083400000, 0x0000000083400000, 0x0000000083500000|  0%| F|  |TAMS 0x0000000083400000, 0x0000000083400000| Untracked 
|   5|0x0000000083500000, 0x0000000083500000, 0x0000000083600000|  0%| F|  |TAMS 0x0000000083500000, 0x0000000083500000| Untracked 
|   6|0x0000000083600000, 0x0000000083600000, 0x0000000083700000|  0%| F|  |TAMS 0x0000000083600000, 0x0000000083600000| Untracked 
|   7|0x0000000083700000, 0x0000000083700000, 0x0000000083800000|  0%| F|  |TAMS 0x0000000083700000, 0x0000000083700000| Untracked 
|   8|0x0000000083800000, 0x0000000083800000, 0x0000000083900000|  0%| F|  |TAMS 0x0000000083800000, 0x0000000083800000| Untracked 
|   9|0x0000000083900000, 0x0000000083900000, 0x0000000083a00000|  0%| F|  |TAMS 0x0000000083900000, 0x0000000083900000| Untracked 
|  10|0x0000000083a00000, 0x0000000083a00000, 0x0000000083b00000|  0%| F|  |TAMS 0x0000000083a00000, 0x0000000083a00000| Untracked 
|  11|0x0000000083b00000, 0x0000000083b00000, 0x0000000083c00000|  0%| F|  |TAMS 0x0000000083b00000, 0x0000000083b00000| Untracked 
|  12|0x0000000083c00000, 0x0000000083c00000, 0x0000000083d00000|  0%| F|  |TAMS 0x0000000083c00000, 0x0000000083c00000| Untracked 
|  13|0x0000000083d00000, 0x0000000083d00000, 0x0000000083e00000|  0%| F|  |TAMS 0x0000000083d00000, 0x0000000083d00000| Untracked 
|  14|0x0000000083e00000, 0x0000000083e00000, 0x0000000083f00000|  0%| F|  |TAMS 0x0000000083e00000, 0x0000000083e00000| Untracked 
|  15|0x0000000083f00000, 0x0000000083f00000, 0x0000000084000000|  0%| F|  |TAMS 0x0000000083f00000, 0x0000000083f00000| Untracked 
|  16|0x0000000084000000, 0x0000000084000000, 0x0000000084100000|  0%| F|  |TAMS 0x0000000084000000, 0x0000000084000000| Untracked 
|  17|0x0000000084100000, 0x0000000084100000, 0x0000000084200000|  0%| F|  |TAMS 0x0000000084100000, 0x0000000084100000| Untracked 
|  18|0x0000000084200000, 0x0000000084200000, 0x0000000084300000|  0%| F|  |TAMS 0x0000000084200000, 0x0000000084200000| Untracked 
|  19|0x0000000084300000, 0x0000000084300000, 0x0000000084400000|  0%| F|  |TAMS 0x0000000084300000, 0x0000000084300000| Untracked 
|  20|0x0000000084400000, 0x0000000084400000, 0x0000000084500000|  0%| F|  |TAMS 0x0000000084400000, 0x0000000084400000| Untracked 
|  21|0x0000000084500000, 0x0000000084500000, 0x0000000084600000|  0%| F|  |TAMS 0x0000000084500000, 0x0000000084500000| Untracked 
|  22|0x0000000084600000, 0x0000000084600000, 0x0000000084700000|  0%| F|  |TAMS 0x0000000084600000, 0x0000000084600000| Untracked 
|  23|0x0000000084700000, 0x0000000084700000, 0x0000000084800000|  0%| F|  |TAMS 0x0000000084700000, 0x0000000084700000| Untracked 
|  24|0x0000000084800000, 0x0000000084800000, 0x0000000084900000|  0%| F|  |TAMS 0x0000000084800000, 0x0000000084800000| Untracked 
|  25|0x0000000084900000, 0x0000000084900000, 0x0000000084a00000|  0%| F|  |TAMS 0x0000000084900000, 0x0000000084900000| Untracked 
|  26|0x0000000084a00000, 0x0000000084a00000, 0x0000000084b00000|  0%| F|  |TAMS 0x0000000084a00000, 0x0000000084a00000| Untracked 
|  27|0x0000000084b00000, 0x0000000084b00000, 0x0000000084c00000|  0%| F|  |TAMS 0x0000000084b00000, 0x0000000084b00000| Untracked 
|  28|0x0000000084c00000, 0x0000000084c00000, 0x0000000084d00000|  0%| F|  |TAMS 0x0000000084c00000, 0x0000000084c00000| Untracked 
|  29|0x0000000084d00000, 0x0000000084d00000, 0x0000000084e00000|  0%| F|  |TAMS 0x0000000084d00000, 0x0000000084d00000| Untracked 
|  30|0x0000000084e00000, 0x0000000084e00000, 0x0000000084f00000|  0%| F|  |TAMS 0x0000000084e00000, 0x0000000084e00000| Untracked 
|  31|0x0000000084f00000, 0x0000000084f00000, 0x0000000085000000|  0%| F|  |TAMS 0x0000000084f00000, 0x0000000084f00000| Untracked 
|  32|0x0000000085000000, 0x0000000085000000, 0x0000000085100000|  0%| F|  |TAMS 0x0000000085000000, 0x0000000085000000| Untracked 
|  33|0x0000000085100000, 0x0000000085100000, 0x0000000085200000|  0%| F|  |TAMS 0x0000000085100000, 0x0000000085100000| Untracked 
|  34|0x0000000085200000, 0x0000000085200000, 0x0000000085300000|  0%| F|  |TAMS 0x0000000085200000, 0x0000000085200000| Untracked 
|  35|0x0000000085300000, 0x0000000085300000, 0x0000000085400000|  0%| F|  |TAMS 0x0000000085300000, 0x0000000085300000| Untracked 
|  36|0x0000000085400000, 0x0000000085400000, 0x0000000085500000|  0%| F|  |TAMS 0x0000000085400000, 0x0000000085400000| Untracked 
|  37|0x0000000085500000, 0x0000000085500000, 0x0000000085600000|  0%| F|  |TAMS 0x0000000085500000, 0x0000000085500000| Untracked 
|  38|0x0000000085600000, 0x0000000085600000, 0x0000000085700000|  0%| F|  |TAMS 0x0000000085600000, 0x0000000085600000| Untracked 
|  39|0x0000000085700000, 0x0000000085700000, 0x0000000085800000|  0%| F|  |TAMS 0x0000000085700000, 0x0000000085700000| Untracked 
|  40|0x0000000085800000, 0x0000000085800000, 0x0000000085900000|  0%| F|  |TAMS 0x0000000085800000, 0x0000000085800000| Untracked 
|  41|0x0000000085900000, 0x0000000085900000, 0x0000000085a00000|  0%| F|  |TAMS 0x0000000085900000, 0x0000000085900000| Untracked 
|  42|0x0000000085a00000, 0x0000000085a00000, 0x0000000085b00000|  0%| F|  |TAMS 0x0000000085a00000, 0x0000000085a00000| Untracked 
|  43|0x0000000085b00000, 0x0000000085b00000, 0x0000000085c00000|  0%| F|  |TAMS 0x0000000085b00000, 0x0000000085b00000| Untracked 
|  44|0x0000000085c00000, 0x0000000085c00000, 0x0000000085d00000|  0%| F|  |TAMS 0x0000000085c00000, 0x0000000085c00000| Untracked 
|  45|0x0000000085d00000, 0x0000000085d00000, 0x0000000085e00000|  0%| F|  |TAMS 0x0000000085d00000, 0x0000000085d00000| Untracked 
|  46|0x0000000085e00000, 0x0000000085e00000, 0x0000000085f00000|  0%| F|  |TAMS 0x0000000085e00000, 0x0000000085e00000| Untracked 
|  47|0x0000000085f00000, 0x0000000085f00000, 0x0000000086000000|  0%| F|  |TAMS 0x0000000085f00000, 0x0000000085f00000| Untracked 
|  48|0x0000000086000000, 0x0000000086000000, 0x0000000086100000|  0%| F|  |TAMS 0x0000000086000000, 0x0000000086000000| Untracked 
|  49|0x0000000086100000, 0x0000000086100000, 0x0000000086200000|  0%| F|  |TAMS 0x0000000086100000, 0x0000000086100000| Untracked 
|  50|0x0000000086200000, 0x0000000086200000, 0x0000000086300000|  0%| F|  |TAMS 0x0000000086200000, 0x0000000086200000| Untracked 
|  51|0x0000000086300000, 0x0000000086300000, 0x0000000086400000|  0%| F|  |TAMS 0x0000000086300000, 0x0000000086300000| Untracked 
|  52|0x0000000086400000, 0x0000000086400000, 0x0000000086500000|  0%| F|  |TAMS 0x0000000086400000, 0x0000000086400000| Untracked 
|  53|0x0000000086500000, 0x0000000086500000, 0x0000000086600000|  0%| F|  |TAMS 0x0000000086500000, 0x0000000086500000| Untracked 
|  54|0x0000000086600000, 0x0000000086600000, 0x0000000086700000|  0%| F|  |TAMS 0x0000000086600000, 0x0000000086600000| Untracked 
|  55|0x0000000086700000, 0x0000000086700000, 0x0000000086800000|  0%| F|  |TAMS 0x0000000086700000, 0x0000000086700000| Untracked 
|  56|0x0000000086800000, 0x0000000086800000, 0x0000000086900000|  0%| F|  |TAMS 0x0000000086800000, 0x0000000086800000| Untracked 
|  57|0x0000000086900000, 0x0000000086900000, 0x0000000086a00000|  0%| F|  |TAMS 0x0000000086900000, 0x0000000086900000| Untracked 
|  58|0x0000000086a00000, 0x0000000086a00000, 0x0000000086b00000|  0%| F|  |TAMS 0x0000000086a00000, 0x0000000086a00000| Untracked 
|  59|0x0000000086b00000, 0x0000000086b00000, 0x0000000086c00000|  0%| F|  |TAMS 0x0000000086b00000, 0x0000000086b00000| Untracked 
|  60|0x0000000086c00000, 0x0000000086c00000, 0x0000000086d00000|  0%| F|  |TAMS 0x0000000086c00000, 0x0000000086c00000| Untracked 
|  61|0x0000000086d00000, 0x0000000086d00000, 0x0000000086e00000|  0%| F|  |TAMS 0x0000000086d00000, 0x0000000086d00000| Untracked 
|  62|0x0000000086e00000, 0x0000000086e00000, 0x0000000086f00000|  0%| F|  |TAMS 0x0000000086e00000, 0x0000000086e00000| Untracked 
|  63|0x0000000086f00000, 0x0000000086f00000, 0x0000000087000000|  0%| F|  |TAMS 0x0000000086f00000, 0x0000000086f00000| Untracked 
|  64|0x0000000087000000, 0x0000000087000000, 0x0000000087100000|  0%| F|  |TAMS 0x0000000087000000, 0x0000000087000000| Untracked 
|  65|0x0000000087100000, 0x0000000087100000, 0x0000000087200000|  0%| F|  |TAMS 0x0000000087100000, 0x0000000087100000| Untracked 
|  66|0x0000000087200000, 0x0000000087200000, 0x0000000087300000|  0%| F|  |TAMS 0x0000000087200000, 0x0000000087200000| Untracked 
|  67|0x0000000087300000, 0x0000000087300000, 0x0000000087400000|  0%| F|  |TAMS 0x0000000087300000, 0x0000000087300000| Untracked 
|  68|0x0000000087400000, 0x0000000087400000, 0x0000000087500000|  0%| F|  |TAMS 0x0000000087400000, 0x0000000087400000| Untracked 
|  69|0x0000000087500000, 0x0000000087500000, 0x0000000087600000|  0%| F|  |TAMS 0x0000000087500000, 0x0000000087500000| Untracked 
|  70|0x0000000087600000, 0x0000000087600000, 0x0000000087700000|  0%| F|  |TAMS 0x0000000087600000, 0x0000000087600000| Untracked 
|  71|0x0000000087700000, 0x0000000087700000, 0x0000000087800000|  0%| F|  |TAMS 0x0000000087700000, 0x0000000087700000| Untracked 
|  72|0x0000000087800000, 0x0000000087800000, 0x0000000087900000|  0%| F|  |TAMS 0x0000000087800000, 0x0000000087800000| Untracked 
|  73|0x0000000087900000, 0x0000000087900000, 0x0000000087a00000|  0%| F|  |TAMS 0x0000000087900000, 0x0000000087900000| Untracked 
|  74|0x0000000087a00000, 0x0000000087a00000, 0x0000000087b00000|  0%| F|  |TAMS 0x0000000087a00000, 0x0000000087a00000| Untracked 
|  75|0x0000000087b00000, 0x0000000087b00000, 0x0000000087c00000|  0%| F|  |TAMS 0x0000000087b00000, 0x0000000087b00000| Untracked 
|  76|0x0000000087c00000, 0x0000000087c00000, 0x0000000087d00000|  0%| F|  |TAMS 0x0000000087c00000, 0x0000000087c00000| Untracked 
|  77|0x0000000087d00000, 0x0000000087d00000, 0x0000000087e00000|  0%| F|  |TAMS 0x0000000087d00000, 0x0000000087d00000| Untracked 
|  78|0x0000000087e00000, 0x0000000087e00000, 0x0000000087f00000|  0%| F|  |TAMS 0x0000000087e00000, 0x0000000087e00000| Untracked 
|  79|0x0000000087f00000, 0x0000000087f00000, 0x0000000088000000|  0%| F|  |TAMS 0x0000000087f00000, 0x0000000087f00000| Untracked 
|  80|0x0000000088000000, 0x0000000088000000, 0x0000000088100000|  0%| F|  |TAMS 0x0000000088000000, 0x0000000088000000| Untracked 
|  81|0x0000000088100000, 0x0000000088100000, 0x0000000088200000|  0%| F|  |TAMS 0x0000000088100000, 0x0000000088100000| Untracked 
|  82|0x0000000088200000, 0x0000000088200000, 0x0000000088300000|  0%| F|  |TAMS 0x0000000088200000, 0x0000000088200000| Untracked 
|  83|0x0000000088300000, 0x0000000088300000, 0x0000000088400000|  0%| F|  |TAMS 0x0000000088300000, 0x0000000088300000| Untracked 
|  84|0x0000000088400000, 0x0000000088400000, 0x0000000088500000|  0%| F|  |TAMS 0x0000000088400000, 0x0000000088400000| Untracked 
|  85|0x0000000088500000, 0x0000000088500000, 0x0000000088600000|  0%| F|  |TAMS 0x0000000088500000, 0x0000000088500000| Untracked 
|  86|0x0000000088600000, 0x0000000088600000, 0x0000000088700000|  0%| F|  |TAMS 0x0000000088600000, 0x0000000088600000| Untracked 
|  87|0x0000000088700000, 0x0000000088700000, 0x0000000088800000|  0%| F|  |TAMS 0x0000000088700000, 0x0000000088700000| Untracked 
|  88|0x0000000088800000, 0x0000000088800000, 0x0000000088900000|  0%| F|  |TAMS 0x0000000088800000, 0x0000000088800000| Untracked 
|  89|0x0000000088900000, 0x0000000088900000, 0x0000000088a00000|  0%| F|  |TAMS 0x0000000088900000, 0x0000000088900000| Untracked 
|  90|0x0000000088a00000, 0x0000000088a00000, 0x0000000088b00000|  0%| F|  |TAMS 0x0000000088a00000, 0x0000000088a00000| Untracked 
|  91|0x0000000088b00000, 0x0000000088b00000, 0x0000000088c00000|  0%| F|  |TAMS 0x0000000088b00000, 0x0000000088b00000| Untracked 
|  92|0x0000000088c00000, 0x0000000088c00000, 0x0000000088d00000|  0%| F|  |TAMS 0x0000000088c00000, 0x0000000088c00000| Untracked 
|  93|0x0000000088d00000, 0x0000000088d00000, 0x0000000088e00000|  0%| F|  |TAMS 0x0000000088d00000, 0x0000000088d00000| Untracked 
|  94|0x0000000088e00000, 0x0000000088f00000, 0x0000000088f00000|100%| E|CS|TAMS 0x0000000088e00000, 0x0000000088e00000| Complete 
|  95|0x0000000088f00000, 0x0000000089000000, 0x0000000089000000|100%| E|CS|TAMS 0x0000000088f00000, 0x0000000088f00000| Complete 
|  96|0x0000000089000000, 0x0000000089100000, 0x0000000089100000|100%| E|CS|TAMS 0x0000000089000000, 0x0000000089000000| Complete 
|  97|0x0000000089100000, 0x0000000089200000, 0x0000000089200000|100%| E|CS|TAMS 0x0000000089100000, 0x0000000089100000| Complete 
|  98|0x0000000089200000, 0x0000000089300000, 0x0000000089300000|100%| E|CS|TAMS 0x0000000089200000, 0x0000000089200000| Complete 
|  99|0x0000000089300000, 0x0000000089400000, 0x0000000089400000|100%| E|  |TAMS 0x0000000089300000, 0x0000000089300000| Complete 
| 100|0x0000000089400000, 0x0000000089500000, 0x0000000089500000|100%| S|CS|TAMS 0x0000000089400000, 0x0000000089400000| Complete 
| 101|0x0000000089500000, 0x0000000089600000, 0x0000000089600000|100%| S|CS|TAMS 0x0000000089500000, 0x0000000089500000| Complete 
| 102|0x0000000089600000, 0x0000000089700000, 0x0000000089700000|100%| S|CS|TAMS 0x0000000089600000, 0x0000000089600000| Complete 
| 103|0x0000000089700000, 0x0000000089800000, 0x0000000089800000|100%| E|CS|TAMS 0x0000000089700000, 0x0000000089700000| Complete 
| 104|0x0000000089800000, 0x0000000089900000, 0x0000000089900000|100%| E|CS|TAMS 0x0000000089800000, 0x0000000089800000| Complete 
| 105|0x0000000089900000, 0x0000000089a00000, 0x0000000089a00000|100%| E|CS|TAMS 0x0000000089900000, 0x0000000089900000| Complete 
| 106|0x0000000089a00000, 0x0000000089b00000, 0x0000000089b00000|100%| E|CS|TAMS 0x0000000089a00000, 0x0000000089a00000| Complete 
| 107|0x0000000089b00000, 0x0000000089c00000, 0x0000000089c00000|100%| E|CS|TAMS 0x0000000089b00000, 0x0000000089b00000| Complete 
| 108|0x0000000089c00000, 0x0000000089d00000, 0x0000000089d00000|100%| E|CS|TAMS 0x0000000089c00000, 0x0000000089c00000| Complete 
| 109|0x0000000089d00000, 0x0000000089e00000, 0x0000000089e00000|100%| E|CS|TAMS 0x0000000089d00000, 0x0000000089d00000| Complete 
| 110|0x0000000089e00000, 0x0000000089f00000, 0x0000000089f00000|100%| E|CS|TAMS 0x0000000089e00000, 0x0000000089e00000| Complete 
| 111|0x0000000089f00000, 0x000000008a000000, 0x000000008a000000|100%| E|CS|TAMS 0x0000000089f00000, 0x0000000089f00000| Complete 
| 112|0x000000008a000000, 0x000000008a100000, 0x000000008a100000|100%| E|CS|TAMS 0x000000008a000000, 0x000000008a000000| Complete 
| 113|0x000000008a100000, 0x000000008a200000, 0x000000008a200000|100%| E|CS|TAMS 0x000000008a100000, 0x000000008a100000| Complete 
| 114|0x000000008a200000, 0x000000008a300000, 0x000000008a300000|100%| E|CS|TAMS 0x000000008a200000, 0x000000008a200000| Complete 
| 115|0x000000008a300000, 0x000000008a400000, 0x000000008a400000|100%| E|CS|TAMS 0x000000008a300000, 0x000000008a300000| Complete 
| 116|0x000000008a400000, 0x000000008a500000, 0x000000008a500000|100%| E|CS|TAMS 0x000000008a400000, 0x000000008a400000| Complete 
| 117|0x000000008a500000, 0x000000008a600000, 0x000000008a600000|100%| E|CS|TAMS 0x000000008a500000, 0x000000008a500000| Complete 
| 118|0x000000008a600000, 0x000000008a700000, 0x000000008a700000|100%| E|CS|TAMS 0x000000008a600000, 0x000000008a600000| Complete 
| 119|0x000000008a700000, 0x000000008a800000, 0x000000008a800000|100%| E|CS|TAMS 0x000000008a700000, 0x000000008a700000| Complete 
| 120|0x000000008a800000, 0x000000008a900000, 0x000000008a900000|100%| E|CS|TAMS 0x000000008a800000, 0x000000008a800000| Complete 
| 121|0x000000008a900000, 0x000000008aa00000, 0x000000008aa00000|100%| E|CS|TAMS 0x000000008a900000, 0x000000008a900000| Complete 
| 122|0x000000008aa00000, 0x000000008ab00000, 0x000000008ab00000|100%| E|CS|TAMS 0x000000008aa00000, 0x000000008aa00000| Complete 
| 123|0x000000008ab00000, 0x000000008ac00000, 0x000000008ac00000|100%| E|CS|TAMS 0x000000008ab00000, 0x000000008ab00000| Complete 
| 124|0x000000008ac00000, 0x000000008ad00000, 0x000000008ad00000|100%| E|CS|TAMS 0x000000008ac00000, 0x000000008ac00000| Complete 
| 125|0x000000008ad00000, 0x000000008ae00000, 0x000000008ae00000|100%| E|CS|TAMS 0x000000008ad00000, 0x000000008ad00000| Complete 

Card table byte_map: [0x0000026570610000,0x0000026570a00000] _byte_map_base: 0x00000265701f8000

Marking Bits (Prev, Next): (CMBitMap*) 0x000002655710d530, (CMBitMap*) 0x000002655710d570
 Prev Bits: [0x0000026570df0000, 0x0000026572d30000)
 Next Bits: [0x0000026572d30000, 0x0000026574c70000)

Polling page: 0x0000026557270000

Metaspace:

Usage:
  Non-class:     12.61 MB used.
      Class:      1.74 MB used.
       Both:     14.34 MB used.

Virtual space:
  Non-class space:       64.00 MB reserved,      12.75 MB ( 20%) committed,  1 nodes.
      Class space:        1.00 GB reserved,       1.81 MB ( <1%) committed,  1 nodes.
             Both:        1.06 GB reserved,      14.56 MB (  1%) committed. 

Chunk freelists:
   Non-Class:  2.98 MB
       Class:  2.05 MB
        Both:  5.03 MB

MaxMetaspaceSize: unlimited
CompressedClassSpaceSize: 1.00 GB
Initial GC threshold: 21.00 MB
Current GC threshold: 21.00 MB
CDS: on
MetaspaceReclaimPolicy: balanced
 - commit_granule_bytes: 65536.
 - commit_granule_words: 8192.
 - virtual_space_node_default_size: 8388608.
 - enlarge_chunks_in_place: 1.
 - new_chunks_are_fully_committed: 0.
 - uncommit_free_chunks: 1.
 - use_allocation_guard: 0.


Internal statistics:

num_allocs_failed_limit: 0.
num_arena_births: 206.
num_arena_deaths: 0.
num_vsnodes_births: 2.
num_vsnodes_deaths: 0.
num_space_committed: 233.
num_space_uncommitted: 0.
num_chunks_returned_to_freelist: 0.
num_chunks_taken_from_freelist: 685.
num_chunk_merges: 0.
num_chunk_splits: 475.
num_chunks_enlarged: 375.
num_inconsistent_stats: 0.

CodeHeap 'non-profiled nmethods': size=120000Kb used=605Kb max_used=605Kb free=119394Kb
 bounds [0x00000265689c0000, 0x0000026568c30000, 0x000002656fef0000]
CodeHeap 'profiled nmethods': size=120000Kb used=3409Kb max_used=3409Kb free=116590Kb
 bounds [0x0000026561490000, 0x00000265617f0000, 0x00000265689c0000]
CodeHeap 'non-nmethods': size=5760Kb used=1188Kb max_used=1224Kb free=4571Kb
 bounds [0x0000026560ef0000, 0x0000026561160000, 0x0000026561490000]
 total_blobs=2292 nmethods=1823 adapters=381
 compilation: enabled
              stopped_count=0, restarted_count=0
 full_count=0

Compilation events (20 events):
Event: 1.136 Thread 0x0000026577658a50 nmethod 1803 0x00000265617da110 code [0x00000265617da2c0, 0x00000265617da4c8]
Event: 1.137 Thread 0x0000026577658a50 1804       3       java.lang.Math::abs (13 bytes)
Event: 1.137 Thread 0x0000026577658a50 nmethod 1804 0x00000265617da590 code [0x00000265617da720, 0x00000265617da898]
Event: 1.137 Thread 0x0000026577658a50 1805       3       java.nio.ByteBuffer::position (8 bytes)
Event: 1.138 Thread 0x0000026577658a50 nmethod 1805 0x00000265617da910 code [0x00000265617daaa0, 0x00000265617dabe8]
Event: 1.138 Thread 0x0000026577658a50 1806   !   3       java.io.BufferedReader::readLine (327 bytes)
Event: 1.138 Thread 0x0000026577658160 1809       4       java.lang.StringUTF16::compress (20 bytes)
Event: 1.139 Thread 0x0000026577658a50 nmethod 1806 0x00000265617dac90 code [0x00000265617dafa0, 0x00000265617dc2b8]
Event: 1.139 Thread 0x0000026577658a50 1808       3       java.lang.StringLatin1::trim (76 bytes)
Event: 1.139 Thread 0x0000026577658a50 nmethod 1808 0x00000265617dcd10 code [0x00000265617dcee0, 0x00000265617dd2c8]
Event: 1.139 Thread 0x0000026577658a50 1807       3       java.lang.String::trim (35 bytes)
Event: 1.139 Thread 0x0000026577658160 nmethod 1809 0x0000026568a56410 code [0x0000026568a565a0, 0x0000026568a56818]
Event: 1.139 Thread 0x0000026577658a50 nmethod 1807 0x00000265617dd410 code [0x00000265617dd5e0, 0x00000265617dd8d8]
Event: 1.143 Thread 0x0000026577658a50 1810       3       org.springframework.core.annotation.AnnotationFilter::matches (11 bytes)
Event: 1.143 Thread 0x0000026577658a50 nmethod 1810 0x00000265617dd990 code [0x00000265617ddb40, 0x00000265617dde18]
Event: 1.143 Thread 0x0000026577658a50 1811       3       java.util.concurrent.locks.AbstractQueuedSynchronizer::compareAndSetState (13 bytes)
Event: 1.143 Thread 0x0000026577658a50 nmethod 1811 0x00000265617ddf10 code [0x00000265617de0a0, 0x00000265617de1d8]
Event: 1.144 Thread 0x0000026577658160 1812       4       java.lang.String::<init> (74 bytes)
Event: 1.145 Thread 0x0000026577658a50 1813  s    3       java.util.Properties::put (10 bytes)
Event: 1.145 Thread 0x0000026577658a50 nmethod 1813 0x00000265617de290 code [0x00000265617de440, 0x00000265617de6a8]

GC Heap History (2 events):
Event: 0.679 GC heap before
{Heap before GC invocations=0 (full 0):
 garbage-first heap   total 129024K, used 22528K [0x0000000083000000, 0x0000000100000000)
  region size 1024K, 23 young (23552K), 0 survivors (0K)
 Metaspace       used 7174K, committed 7424K, reserved 1114112K
  class space    used 852K, committed 960K, reserved 1048576K
}
Event: 0.684 GC heap after
{Heap after GC invocations=1 (full 0):
 garbage-first heap   total 129024K, used 4356K [0x0000000083000000, 0x0000000100000000)
  region size 1024K, 3 young (3072K), 3 survivors (3072K)
 Metaspace       used 7174K, committed 7424K, reserved 1114112K
  class space    used 852K, committed 960K, reserved 1048576K
}

Deoptimization events (20 events):
Event: 0.911 Thread 0x0000026559326010 Uncommon trap: trap_request=0xffffff45 fr.pc=0x0000026568a3c710 relative=0x0000000000000270
Event: 0.911 Thread 0x0000026559326010 Uncommon trap: reason=unstable_if action=reinterpret pc=0x0000026568a3c710 method=java.util.StringTokenizer.scanToken(I)I @ 42 c2
Event: 0.911 Thread 0x0000026559326010 DEOPT PACKING pc=0x0000026568a3c710 sp=0x000000868aafdd50
Event: 0.911 Thread 0x0000026559326010 DEOPT UNPACKING pc=0x0000026560f423a3 sp=0x000000868aafdce0 mode 2
Event: 1.109 Thread 0x0000026559326010 Uncommon trap: trap_request=0xffffff45 fr.pc=0x0000026568a1f674 relative=0x0000000000000a74
Event: 1.109 Thread 0x0000026559326010 Uncommon trap: reason=unstable_if action=reinterpret pc=0x0000026568a1f674 method=jdk.internal.org.objectweb.asm.SymbolTable.put(Ljdk/internal/org/objectweb/asm/SymbolTable$Entry;)Ljdk/internal/org/objectweb/asm/SymbolTable$Entry; @ 13 c2
Event: 1.109 Thread 0x0000026559326010 DEOPT PACKING pc=0x0000026568a1f674 sp=0x000000868aafd050
Event: 1.109 Thread 0x0000026559326010 DEOPT UNPACKING pc=0x0000026560f423a3 sp=0x000000868aafcf88 mode 2
Event: 1.115 Thread 0x0000026559326010 Uncommon trap: trap_request=0xffffff45 fr.pc=0x0000026568a3674c relative=0x000000000000012c
Event: 1.115 Thread 0x0000026559326010 Uncommon trap: reason=unstable_if action=reinterpret pc=0x0000026568a3674c method=java.util.Arrays.equals([Ljava/lang/Object;[Ljava/lang/Object;)Z @ 44 c2
Event: 1.115 Thread 0x0000026559326010 DEOPT PACKING pc=0x0000026568a3674c sp=0x000000868aafd830
Event: 1.115 Thread 0x0000026559326010 DEOPT UNPACKING pc=0x0000026560f423a3 sp=0x000000868aafd7d0 mode 2
Event: 1.130 Thread 0x0000026559326010 Uncommon trap: trap_request=0xffffffc6 fr.pc=0x0000026568a27060 relative=0x0000000000000bc0
Event: 1.130 Thread 0x0000026559326010 Uncommon trap: reason=bimorphic_or_optimized_type_check action=maybe_recompile pc=0x0000026568a27060 method=java.util.HashMap.putVal(ILjava/lang/Object;Ljava/lang/Object;ZZ)Ljava/lang/Object; @ 91 c2
Event: 1.131 Thread 0x0000026559326010 DEOPT PACKING pc=0x0000026568a27060 sp=0x000000868aafe930
Event: 1.131 Thread 0x0000026559326010 DEOPT UNPACKING pc=0x0000026560f423a3 sp=0x000000868aafe850 mode 2
Event: 1.131 Thread 0x0000026559326010 Uncommon trap: trap_request=0xffffffc6 fr.pc=0x0000026568a27060 relative=0x0000000000000bc0
Event: 1.131 Thread 0x0000026559326010 Uncommon trap: reason=bimorphic_or_optimized_type_check action=maybe_recompile pc=0x0000026568a27060 method=java.util.HashMap.putVal(ILjava/lang/Object;Ljava/lang/Object;ZZ)Ljava/lang/Object; @ 91 c2
Event: 1.131 Thread 0x0000026559326010 DEOPT PACKING pc=0x0000026568a27060 sp=0x000000868aafe9c0
Event: 1.131 Thread 0x0000026559326010 DEOPT UNPACKING pc=0x0000026560f423a3 sp=0x000000868aafe8e0 mode 2

Classes loaded (20 events):
Event: 0.910 Loading class java/util/stream/SortedOps$OfRef
Event: 0.910 Loading class java/util/stream/SortedOps$OfRef done
Event: 0.910 Loading class java/util/Comparators$NaturalOrderComparator
Event: 0.910 Loading class java/util/Comparators$NaturalOrderComparator done
Event: 0.911 Loading class java/util/stream/SortedOps$RefSortingSink
Event: 0.911 Loading class java/util/stream/SortedOps$AbstractRefSortingSink
Event: 0.911 Loading class java/util/stream/SortedOps$AbstractRefSortingSink done
Event: 0.911 Loading class java/util/stream/SortedOps$RefSortingSink done
Event: 0.911 Loading class sun/nio/fs/WindowsPath$WindowsPathWithAttributes
Event: 0.911 Loading class sun/nio/fs/BasicFileAttributesHolder
Event: 0.911 Loading class sun/nio/fs/BasicFileAttributesHolder done
Event: 0.911 Loading class sun/nio/fs/WindowsPath$WindowsPathWithAttributes done
Event: 0.912 Loading class java/util/regex/Pattern$LazyLoop
Event: 0.912 Loading class java/util/regex/Pattern$Loop
Event: 0.912 Loading class java/util/regex/Pattern$Loop done
Event: 0.912 Loading class java/util/regex/Pattern$LazyLoop done
Event: 0.912 Loading class java/util/regex/Pattern$Prolog
Event: 0.912 Loading class java/util/regex/Pattern$Prolog done
Event: 0.917 Loading class java/lang/AssertionError
Event: 0.917 Loading class java/lang/AssertionError done

Classes unloaded (0 events):
No events

Classes redefined (0 events):
No events

Internal exceptions (20 events):
Event: 0.668 Thread 0x0000026559326010 Exception <a 'java/lang/NoSuchMethodError'{0x000000008979e0c8}: 'void java.lang.invoke.DirectMethodHandle$Holder.invokeStaticInit(java.lang.Object, java.lang.Object)'> (0x000000008979e0c8) 
thrown [s\src\hotspot\share\interpreter\linkResolver.cpp, line 759]
Event: 0.669 Thread 0x0000026559326010 Exception <a 'java/lang/NoSuchMethodError'{0x00000000897a9fe0}: 'void java.lang.invoke.DirectMethodHandle$Holder.invokeStaticInit(java.lang.Object, java.lang.Object, java.lang.Object)'> (0x00000000897a9fe0) 
thrown [s\src\hotspot\share\interpreter\linkResolver.cpp, line 759]
Event: 0.672 Thread 0x0000026559326010 Exception <a 'java/lang/NoSuchMethodError'{0x00000000897bafe0}: 'java.lang.Object java.lang.invoke.DirectMethodHandle$Holder.invokeStatic(java.lang.Object, java.lang.Object, long, java.lang.Object)'> (0x00000000897bafe0) 
thrown [s\src\hotspot\share\interpreter\linkResolver.cpp, line 759]
Event: 0.672 Thread 0x0000026559326010 Exception <a 'java/lang/NoSuchMethodError'{0x00000000897bea70}: 'java.lang.Object java.lang.invoke.DirectMethodHandle$Holder.invokeStaticInit(java.lang.Object, java.lang.Object, long, java.lang.Object)'> (0x00000000897bea70) 
thrown [s\src\hotspot\share\interpreter\linkResolver.cpp, line 759]
Event: 0.672 Thread 0x0000026559326010 Exception <a 'java/lang/NoSuchMethodError'{0x00000000897c51b0}: 'java.lang.Object java.lang.invoke.DirectMethodHandle$Holder.newInvokeSpecial(java.lang.Object, java.lang.Object, long)'> (0x00000000897c51b0) 
thrown [s\src\hotspot\share\interpreter\linkResolver.cpp, line 759]
Event: 0.672 Thread 0x0000026559326010 Exception <a 'java/lang/NoSuchMethodError'{0x00000000897c8d28}: 'java.lang.Object java.lang.invoke.Invokers$Holder.linkToTargetMethod(java.lang.Object, long, java.lang.Object)'> (0x00000000897c8d28) 
thrown [s\src\hotspot\share\interpreter\linkResolver.cpp, line 759]
Event: 0.685 Thread 0x0000026559326010 Exception <a 'java/lang/NoSuchMethodError'{0x000000008ad01fe0}: 'void java.lang.invoke.DirectMethodHandle$Holder.invokeVirtual(java.lang.Object, java.lang.Object, java.lang.Object, java.lang.Object)'> (0x000000008ad01fe0) 
thrown [s\src\hotspot\share\interpreter\linkResolver.cpp, line 759]
Event: 0.707 Thread 0x0000026559326010 Exception <a 'java/lang/NoSuchMethodError'{0x000000008ac343e0}: 'void java.lang.invoke.DirectMethodHandle$Holder.invokeSpecial(java.lang.Object, java.lang.Object, java.lang.Object)'> (0x000000008ac343e0) 
thrown [s\src\hotspot\share\interpreter\linkResolver.cpp, line 759]
Event: 0.707 Thread 0x0000026559326010 Exception <a 'java/lang/NoSuchMethodError'{0x000000008ac3a9c8}: 'void java.lang.invoke.DirectMethodHandle$Holder.invokeSpecial(java.lang.Object, java.lang.Object, java.lang.Object, java.lang.Object, java.lang.Object)'> (0x000000008ac3a9c8) 
thrown [s\src\hotspot\share\interpreter\linkResolver.cpp, line 759]
Event: 0.711 Thread 0x000002657b8694c0 Exception <a 'java/lang/NoClassDefFoundError'{0x000000008ac7a3d0}: jakarta/validation/Validation> (0x000000008ac7a3d0) 
thrown [s\src\hotspot\share\classfile\systemDictionary.cpp, line 244]
Event: 0.711 Thread 0x0000026559326010 Exception <a 'java/lang/IncompatibleClassChangeError'{0x000000008ac9b308}: Found class java.lang.Object, but interface was expected> (0x000000008ac9b308) 
thrown [s\src\hotspot\share\interpreter\linkResolver.cpp, line 826]
Event: 0.794 Thread 0x0000026559326010 Exception <a 'java/lang/NoSuchMethodError'{0x000000008a2855a0}: 'int java.lang.invoke.Invokers$Holder.invokeExact_MT(java.lang.Object, java.lang.Object)'> (0x000000008a2855a0) 
thrown [s\src\hotspot\share\interpreter\linkResolver.cpp, line 759]
Event: 0.908 Thread 0x0000026559326010 Exception <a 'java/lang/NoSuchMethodError'{0x00000000892aee30}: 'int java.lang.invoke.DirectMethodHandle$Holder.invokeSpecial(java.lang.Object, java.lang.Object, java.lang.Object, java.lang.Object, java.lang.Object)'> (0x00000000892aee30) 
thrown [s\src\hotspot\share\interpreter\linkResolver.cpp, line 759]
Event: 0.910 Thread 0x0000026559326010 Exception <a 'java/lang/NoSuchMethodError'{0x00000000892b7e18}: 'void java.lang.invoke.DirectMethodHandle$Holder.invokeVirtual(java.lang.Object, java.lang.Object)'> (0x00000000892b7e18) 
thrown [s\src\hotspot\share\interpreter\linkResolver.cpp, line 759]
Event: 0.914 Thread 0x000002657b8694c0 Exception <a 'java/lang/NoSuchMethodError'{0x0000000089151d30}: 'long java.lang.invoke.DirectMethodHandle$Holder.invokeSpecial(java.lang.Object, java.lang.Object)'> (0x0000000089151d30) 
thrown [s\src\hotspot\share\interpreter\linkResolver.cpp, line 759]
Event: 0.915 Thread 0x000002657b8694c0 Exception <a 'java/lang/NoSuchMethodError'{0x000000008915d550}: 'long java.lang.invoke.DirectMethodHandle$Holder.invokeStatic(java.lang.Object, java.lang.Object)'> (0x000000008915d550) 
thrown [s\src\hotspot\share\interpreter\linkResolver.cpp, line 759]
Event: 0.916 Thread 0x000002657b8694c0 Exception <a 'java/lang/NoSuchMethodError'{0x0000000089160b48}: 'long java.lang.invoke.DirectMethodHandle$Holder.invokeStaticInit(java.lang.Object, java.lang.Object)'> (0x0000000089160b48) 
thrown [s\src\hotspot\share\interpreter\linkResolver.cpp, line 759]
Event: 0.917 Thread 0x000002657b8694c0 Exception <a 'java/lang/NoSuchMethodError'{0x00000000891d2ed8}: 'long java.lang.invoke.DirectMethodHandle$Holder.invokeInterface(java.lang.Object, java.lang.Object)'> (0x00000000891d2ed8) 
thrown [s\src\hotspot\share\interpreter\linkResolver.cpp, line 759]
Event: 0.918 Thread 0x000002657b8694c0 Exception <a 'java/lang/IncompatibleClassChangeError'{0x00000000891d6460}: Found class java.lang.Object, but interface was expected> (0x00000000891d6460) 
thrown [s\src\hotspot\share\interpreter\linkResolver.cpp, line 826]
Event: 0.925 Thread 0x000002657b8694c0 Exception <a 'java/lang/NoSuchMethodError'{0x00000000890a4a70}: 'java.lang.Object java.lang.invoke.DirectMethodHandle$Holder.invokeVirtual(java.lang.Object, java.lang.Object, java.lang.Object, java.lang.Object)'> (0x00000000890a4a70) 
thrown [s\src\hotspot\share\interpreter\linkResolver.cpp, line 759]

VM Operations (20 events):
Event: 0.159 Executing VM operation: HandshakeAllThreads
Event: 0.160 Executing VM operation: HandshakeAllThreads done
Event: 0.186 Executing VM operation: HandshakeAllThreads
Event: 0.186 Executing VM operation: HandshakeAllThreads done
Event: 0.437 Executing VM operation: HandshakeAllThreads
Event: 0.437 Executing VM operation: HandshakeAllThreads done
Event: 0.613 Executing VM operation: ICBufferFull
Event: 0.613 Executing VM operation: ICBufferFull done
Event: 0.620 Executing VM operation: HandshakeAllThreads
Event: 0.620 Executing VM operation: HandshakeAllThreads done
Event: 0.679 Executing VM operation: G1CollectForAllocation
Event: 0.684 Executing VM operation: G1CollectForAllocation done
Event: 0.705 Executing VM operation: HandshakeAllThreads
Event: 0.705 Executing VM operation: HandshakeAllThreads done
Event: 0.705 Executing VM operation: HandshakeAllThreads
Event: 0.705 Executing VM operation: HandshakeAllThreads done
Event: 0.799 Executing VM operation: HandshakeAllThreads
Event: 0.799 Executing VM operation: HandshakeAllThreads done
Event: 0.897 Executing VM operation: HandshakeAllThreads
Event: 0.897 Executing VM operation: HandshakeAllThreads done

Events (20 events):
Event: 0.027 Thread 0x000002657764a2a0 Thread added: 0x000002657764a2a0
Event: 0.027 Thread 0x000002657764ab50 Thread added: 0x000002657764ab50
Event: 0.027 Thread 0x000002657764b400 Thread added: 0x000002657764b400
Event: 0.027 Thread 0x0000026577657440 Thread added: 0x0000026577657440
Event: 0.027 Thread 0x0000026577658160 Thread added: 0x0000026577658160
Event: 0.028 Thread 0x0000026577658a50 Thread added: 0x0000026577658a50
Event: 0.028 Thread 0x0000026577659f60 Thread added: 0x0000026577659f60
Event: 0.077 Thread 0x000002657b86b1a0 Thread added: 0x000002657b86b1a0
Event: 0.099 Loaded shared library C:\Users\Blu-Ray\.jdks\corretto-18.0.2\bin\zip.dll
Event: 0.102 Loaded shared library C:\Users\Blu-Ray\.jdks\corretto-18.0.2\bin\instrument.dll
Event: 0.109 Loaded shared library C:\Users\Blu-Ray\.jdks\corretto-18.0.2\bin\net.dll
Event: 0.111 Loaded shared library C:\Users\Blu-Ray\.jdks\corretto-18.0.2\bin\nio.dll
Event: 0.115 Loaded shared library C:\Users\Blu-Ray\.jdks\corretto-18.0.2\bin\zip.dll
Event: 0.141 Thread 0x000002657b8f3d80 Thread added: 0x000002657b8f3d80
Event: 0.157 Loaded shared library C:\Program Files\JetBrains\IntelliJ IDEA Community Edition 2022.2.4\bin\breakgen64.dll
Event: 0.157 Thread 0x000002657b868ff0 Thread added: 0x000002657b868ff0
Event: 0.158 Thread 0x000002657b86bb40 Thread added: 0x000002657b86bb40
Event: 0.183 Loaded shared library C:\Users\Blu-Ray\.jdks\corretto-18.0.2\bin\jimage.dll
Event: 0.709 Thread 0x000002657b8694c0 Thread added: 0x000002657b8694c0
Event: 0.927 Thread 0x000002657b8694c0 Thread exited: 0x000002657b8694c0


Dynamic libraries:
0x00007ff7f3c40000 - 0x00007ff7f3c4d000 	C:\Users\Blu-Ray\.jdks\corretto-18.0.2\bin\java.exe
0x00007ffdd6b70000 - 0x00007ffdd6d68000 	C:\Windows\SYSTEM32\ntdll.dll
0x00007ffdd5d80000 - 0x00007ffdd5e3f000 	C:\Windows\System32\KERNEL32.DLL
0x00007ffdd4640000 - 0x00007ffdd4912000 	C:\Windows\System32\KERNELBASE.dll
0x00007ffdd4540000 - 0x00007ffdd4640000 	C:\Windows\System32\ucrtbase.dll
0x00007ffdcb190000 - 0x00007ffdcb1a5000 	C:\Users\Blu-Ray\.jdks\corretto-18.0.2\bin\VCRUNTIME140.dll
0x00007ffdcd0d0000 - 0x00007ffdcd0e7000 	C:\Users\Blu-Ray\.jdks\corretto-18.0.2\bin\jli.dll
0x00007ffdd6240000 - 0x00007ffdd63e1000 	C:\Windows\System32\USER32.dll
0x00007ffdbc200000 - 0x00007ffdbc49a000 	C:\Windows\WinSxS\amd64_microsoft.windows.common-controls_6595b64144ccf1df_6.0.19041.1110_none_60b5254171f9507e\COMCTL32.dll
0x00007ffdd4b80000 - 0x00007ffdd4ba2000 	C:\Windows\System32\win32u.dll
0x00007ffdd5ce0000 - 0x00007ffdd5d7e000 	C:\Windows\System32\msvcrt.dll
0x00007ffdd5f70000 - 0x00007ffdd5f9b000 	C:\Windows\System32\GDI32.dll
0x00007ffdd4330000 - 0x00007ffdd443f000 	C:\Windows\System32\gdi32full.dll
0x00007ffdd4290000 - 0x00007ffdd432d000 	C:\Windows\System32\msvcp_win.dll
0x00007ffdd4bb0000 - 0x00007ffdd4be2000 	C:\Windows\System32\IMM32.DLL
0x00007ffdb87d0000 - 0x00007ffdb886b000 	C:\Users\Blu-Ray\.jdks\corretto-18.0.2\bin\msvcp140.dll
0x00007ffd8a4b0000 - 0x00007ffd8b121000 	C:\Users\Blu-Ray\.jdks\corretto-18.0.2\bin\server\jvm.dll
0x00007ffdd6710000 - 0x00007ffdd67be000 	C:\Windows\System32\ADVAPI32.dll
0x00007ffdd60f0000 - 0x00007ffdd618c000 	C:\Windows\System32\sechost.dll
0x00007ffdd5e40000 - 0x00007ffdd5f65000 	C:\Windows\System32\RPCRT4.dll
0x00007ffdd6b20000 - 0x00007ffdd6b28000 	C:\Windows\System32\PSAPI.DLL
0x00007ffdcf480000 - 0x00007ffdcf489000 	C:\Windows\SYSTEM32\WSOCK32.dll
0x00007ffdcbeb0000 - 0x00007ffdcbeba000 	C:\Windows\SYSTEM32\VERSION.dll
0x00007ffdb5290000 - 0x00007ffdb52b7000 	C:\Windows\SYSTEM32\WINMM.dll
0x00007ffdd6410000 - 0x00007ffdd647b000 	C:\Windows\System32\WS2_32.dll
0x00007ffdd2ab0000 - 0x00007ffdd2ac2000 	C:\Windows\SYSTEM32\kernel.appcore.dll
0x00007ffdcb180000 - 0x00007ffdcb18a000 	C:\Users\Blu-Ray\.jdks\corretto-18.0.2\bin\jimage.dll
0x00007ffdd1ec0000 - 0x00007ffdd20a4000 	C:\Windows\SYSTEM32\DBGHELP.DLL
0x00007ffdcd880000 - 0x00007ffdcd8b5000 	C:\Windows\SYSTEM32\dbgcore.DLL
0x00007ffdd4920000 - 0x00007ffdd49a2000 	C:\Windows\System32\bcryptPrimitives.dll
0x00007ffdcd1c0000 - 0x00007ffdcd1ce000 	C:\Users\Blu-Ray\.jdks\corretto-18.0.2\bin\instrument.dll
0x00007ffdc15c0000 - 0x00007ffdc15e5000 	C:\Users\Blu-Ray\.jdks\corretto-18.0.2\bin\java.dll
0x00007ffdb86f0000 - 0x00007ffdb87c6000 	C:\Users\Blu-Ray\.jdks\corretto-18.0.2\bin\jsvml.dll
0x00007ffdd4ff0000 - 0x00007ffdd5734000 	C:\Windows\System32\SHELL32.dll
0x00007ffdd2300000 - 0x00007ffdd2a92000 	C:\Windows\SYSTEM32\windows.storage.dll
0x00007ffdd67c0000 - 0x00007ffdd6b15000 	C:\Windows\System32\combase.dll
0x00007ffdd3cc0000 - 0x00007ffdd3cf0000 	C:\Windows\SYSTEM32\Wldp.dll
0x00007ffdd4e10000 - 0x00007ffdd4ebd000 	C:\Windows\System32\SHCORE.dll
0x00007ffdd4bf0000 - 0x00007ffdd4c45000 	C:\Windows\System32\shlwapi.dll
0x00007ffdd41a0000 - 0x00007ffdd41bf000 	C:\Windows\SYSTEM32\profapi.dll
0x00007ffdba950000 - 0x00007ffdba968000 	C:\Users\Blu-Ray\.jdks\corretto-18.0.2\bin\zip.dll
0x00007ffdbe760000 - 0x00007ffdbe773000 	C:\Users\Blu-Ray\.jdks\corretto-18.0.2\bin\net.dll
0x00007ffdcaba0000 - 0x00007ffdcacac000 	C:\Windows\SYSTEM32\WINHTTP.dll
0x00007ffdd3a20000 - 0x00007ffdd3a8a000 	C:\Windows\system32\mswsock.dll
0x00007ffdbe3f0000 - 0x00007ffdbe405000 	C:\Users\Blu-Ray\.jdks\corretto-18.0.2\bin\nio.dll
0x00007ffdc17d0000 - 0x00007ffdc17ea000 	C:\Program Files\JetBrains\IntelliJ IDEA Community Edition 2022.2.4\bin\breakgen64.dll

dbghelp: loaded successfully - version: 4.0.5 - missing functions: none
symbol engine: initialized successfully - sym options: 0x614 - pdb path: .;C:\Users\Blu-Ray\.jdks\corretto-18.0.2\bin;C:\Windows\SYSTEM32;C:\Windows\WinSxS\amd64_microsoft.windows.common-controls_6595b64144ccf1df_6.0.19041.1110_none_60b5254171f9507e;C:\Users\Blu-Ray\.jdks\corretto-18.0.2\bin\server;C:\Program Files\JetBrains\IntelliJ IDEA Community Edition 2022.2.4\bin

VM Arguments:
jvm_args: -javaagent:C:\Program Files\JetBrains\IntelliJ IDEA Community Edition 2022.2.4\lib\idea_rt.jar=1566:C:\Program Files\JetBrains\IntelliJ IDEA Community Edition 2022.2.4\bin -Dfile.encoding=UTF-8 -Dsun.stdout.encoding=UTF-8 -Dsun.stderr.encoding=UTF-8 
java_command: com.example.emailBackend.EmailBackendApplication
java_class_path (initial): C:\Users\Blu-Ray\Desktop\emailBackend\target\classes;C:\Users\Blu-Ray\.m2\repository\org\springframework\boot\spring-boot-starter-web\3.0.1\spring-boot-starter-web-3.0.1.jar;C:\Users\Blu-Ray\.m2\repository\org\springframework\boot\spring-boot-starter\3.0.1\spring-boot-starter-3.0.1.jar;C:\Users\Blu-Ray\.m2\repository\org\springframework\boot\spring-boot\3.0.1\spring-boot-3.0.1.jar;C:\Users\Blu-Ray\.m2\repository\org\springframework\boot\spring-boot-autoconfigure\3.0.1\spring-boot-autoconfigure-3.0.1.jar;C:\Users\Blu-Ray\.m2\repository\org\springframework\boot\spring-boot-starter-logging\3.0.1\spring-boot-starter-logging-3.0.1.jar;C:\Users\Blu-Ray\.m2\repository\ch\qos\logback\logback-classic\1.4.5\logback-classic-1.4.5.jar;C:\Users\Blu-Ray\.m2\repository\ch\qos\logback\logback-core\1.4.5\logback-core-1.4.5.jar;C:\Users\Blu-Ray\.m2\repository\org\apache\logging\log4j\log4j-to-slf4j\2.19.0\log4j-to-slf4j-2.19.0.jar;C:\Users\Blu-Ray\.m2\repository\org\apache\logging\log4j\log4j-api\2.19.0\log4j-api-2.19.0.jar;C:\Users\Blu-Ray\.m2\repository\org\slf4j\jul-to-slf4j\2.0.6\jul-to-slf4j-2.0.6.jar;C:\Users\Blu-Ray\.m2\repository\jakarta\annotation\jakarta.annotation-api\2.1.1\jakarta.annotation-api-2.1.1.jar;C:\Users\Blu-Ray\.m2\repository\org\yaml\snakeyaml\1.33\snakeyaml-1.33.jar;C:\Users\Blu-Ray\.m2\repository\org\springframework\boot\spring-boot-starter-json\3.0.1\spring-boot-starter-json-3.0.1.jar;C:\Users\Blu-Ray\.m2\repository\com\fasterxml\jackson\core\jackson-databind\2.14.1\jackson-databind-2.14.1.jar;C:\Users\Blu-Ray\.m2\repository\com\fasterxml\jackson\core\jackson-annotations\2.14.1\jackson-annotations-2.14.1.jar;C:\Users\Blu-Ray\.m2\repository\com\fasterxml\jackson\core\jackson-core\2.14.1\jackson-core-2.14.1.jar;C:\Users\Blu-Ray\.m2\repository\com\fasterxml\jackson\datatype\jackson-datatype-jdk8\2.14.1\jackson-datatype-jdk8-2.14.1.jar;C:\Users\Blu-Ray\.m2\repository\com\fasterxml\jackson\datatype\jackson-datatype-jsr310\2.14.1\jackson-datatype-jsr310-2.14.1.jar;C:\Users\Blu-Ray\.m2\repository\com\fasterxml\jackson\module\jackson-module-parameter-names\2.14.1\jackson-module-parameter-names-2.14.1.jar;C:\Users\Blu-Ray\.m2\repository\org\springframework\boot\spring-boot-starter-tomcat\3.0.1\spring-boot-starter-tomcat-3.0.1.jar;C:\Users\Blu-Ray\.m2\repository\org\apache\tomcat\embed\tomcat-embed-core\10.1.4\tomcat-embed-core-10.1.4.jar;C:\Users\Blu-Ray\.m2\repository\org\apache\tomcat\embed\tomcat-embed-el\10.1.4\tomcat-embed-el-10.1.4.jar;C:\Users\Blu-Ray\.m2\repository\org\apache\tomcat\embed\tomcat-embed-websocket\10.1.4\tomcat-embed-websocket-10.1.4.jar;C:\Users\Blu-Ray\.m2\repository\org\springframework\spring-web\6.0.3\spring-web-6.0.3.jar;C:\Users\Blu-Ray\.m2\repository\org\springframework\spring-beans\6.0.3\spring-beans-6.0.3.jar;C:\Users\Blu-Ray\.m2\repository\io\micrometer\micrometer-observation\1.10.2\micrometer-observation-1.10.2.jar;C:\Users\Blu-Ray\.m2\repository\io\micrometer\micrometer-commons\1.10.2\micrometer-commons-1.10.2.jar;C:\Users\Blu-Ray\.m2\repository\org\springframework\spring-webmvc\6.0.3\spring-webmvc-6.0.3.jar;C:\Users\Blu-Ray\.m2\repository\org\springframework\spring-aop\6.0.3\spring-aop-6.0.3.jar;C:\Users\Blu-Ray\.m2\repository\org\springframework\spring-context\6.0.3\spring-context-6.0.3.jar;C:\Users\Blu-Ray\.m2\repository\org\springframework\spring-expression\6.0.3\spring-expression-6.0.3.jar;C:\Users\Blu-Ray\.m2\repository\org\slf4j\slf4j-api\2.0.6\slf4j-api-2.0.6.jar;C:\Users\Blu-Ray\.m2\repository\org\springframework\spring-core\6.0.3\spring-core-6.0.3.jar;C:\Users\Blu-Ray\.m2\repository\org\springframework\spring-jcl\6.0.3\spring-jcl-6.0.3.jar
Launcher Type: SUN_STANDARD

[Global flags]
     intx CICompilerCount                          = 4                                         {product} {ergonomic}
     uint ConcGCThreads                            = 2                                         {product} {ergonomic}
     uint G1ConcRefinementThreads                  = 8                                         {product} {ergonomic}
   size_t G1HeapRegionSize                         = 1048576                                   {product} {ergonomic}
    uintx GCDrainStackTargetSize                   = 64                                        {product} {ergonomic}
   size_t InitialHeapSize                          = 132120576                                 {product} {ergonomic}
   size_t MarkStackSize                            = 4194304                                   {product} {ergonomic}
   size_t MaxHeapSize                              = 2097152000                                {product} {ergonomic}
   size_t MaxNewSize                               = 1258291200                                {product} {ergonomic}
   size_t MinHeapDeltaBytes                        = 1048576                                   {product} {ergonomic}
   size_t MinHeapSize                              = 8388608                                   {product} {ergonomic}
    uintx NonNMethodCodeHeapSize                   = 5839372                                {pd product} {ergonomic}
    uintx NonProfiledCodeHeapSize                  = 122909434                              {pd product} {ergonomic}
     bool PerfDisableSharedMem                     = true                                      {product} {ergonomic}
    uintx ProfiledCodeHeapSize                     = 122909434                              {pd product} {ergonomic}
    uintx ReservedCodeCacheSize                    = 251658240                              {pd product} {ergonomic}
     bool SegmentedCodeCache                       = true                                      {product} {ergonomic}
   size_t SoftMaxHeapSize                          = 2097152000                             {manageable} {ergonomic}
     bool UseCompressedClassPointers               = true                           {product lp64_product} {ergonomic}
     bool UseCompressedOops                        = true                           {product lp64_product} {ergonomic}
     bool UseG1GC                                  = true                                      {product} {ergonomic}
     bool UseLargePagesIndividualAllocation        = false                                  {pd product} {ergonomic}

Logging:
Log output configuration:
 #0: stdout all=warning uptime,level,tags foldmultilines=false
 #1: stderr all=off uptime,level,tags foldmultilines=false

Environment Variables:
PATH=C:\Program Files (x86)\Common Files\Oracle\Java\javapath;C:\Windows\system32;C:\Windows;C:\Windows\System32\Wbem;C:\Windows\System32\WindowsPowerShell\v1.0\;C:\Windows\System32\OpenSSH\;C:\Program Files (x86)\NVIDIA Corporation\PhysX\Common;C:\Program Files\NVIDIA Corporation\NVIDIA NvDLISR;C:\Program Files\nodejs\;C:\Users\Blu-Ray\AppData\Local\Microsoft\WindowsApps;C:\Users\Blu-Ray\AppData\Local\Programs\Microsoft VS Code\bin;C:\Users\Blu-Ray\AppData\Roaming\npm;C:\Program Files\JetBrains\IntelliJ IDEA Community Edition 2022.2.4\bin;
USERNAME=Blu-Ray
OS=Windows_NT
PROCESSOR_IDENTIFIER=Intel64 Family 6 Model 142 Stepping 12, GenuineIntel



---------------  S Y S T E M  ---------------

OS:
 Windows 10 , 64 bit Build 19041 (10.0.19041.2364)
OS uptime: 0 days 7:47 hours

CPU: total 8 (initial active 8) (4 cores per cpu, 2 threads per core) family 6 model 142 stepping 12 microcode 0xde, cx8, cmov, fxsr, ht, mmx, 3dnowpref, sse, sse2, sse3, ssse3, sse4.1, sse4.2, popcnt, lzcnt, tsc, tscinvbit, avx, avx2, aes, erms, clmul, bmi1, bmi2, adx, fma, vzeroupper, clflush, clflushopt

Memory: 4k page, system-wide physical 7995M (1042M free)
TotalPageFile size 9890M (AvailPageFile size 2M)
current process WorkingSet (physical memory assigned to process): 102M, peak: 102M
current process commit charge ("private bytes"): 239M, peak: 239M

vm_info: OpenJDK 64-Bit Server VM (18.0.2+9-FR) for windows-amd64 JRE (18.0.2+9-FR), built on Jul 15 2022 20:03:03 by "Administrator" with MS VC++ 15.9 (VS2017)

END.
