#
# There is insufficient memory for the Java Runtime Environment to continue.
# Native memory allocation (mmap) failed to map 65536 bytes for Failed to commit metaspace.
# Possible reasons:
#   The system is out of physical RAM or swap space
#   The process is running with CompressedOops enabled, and the Java Heap may be blocking the growth of the native heap
# Possible solutions:
#   Reduce memory load on the system
#   Increase physical memory or swap space
#   Check if swap backing store is full
#   Decrease Java heap size (-Xmx/-Xms)
#   Decrease number of Java threads
#   Decrease Java thread stack sizes (-Xss)
#   Set larger code cache with -XX:ReservedCodeCacheSize=
#   JVM is running with Unscaled Compressed Oops mode in which the Java heap is
#     placed in the first 4GB address space. The Java Heap base address is the
#     maximum limit for the native heap growth. Please use -XX:HeapBaseMinAddress
#     to set the Java Heap base and to place the Java Heap above 4GB virtual address.
# This output file may be truncated or incomplete.
#
#  Out of Memory Error (virtualSpaceNode.cpp:110), pid=9024, tid=13120
#
# JRE version: OpenJDK Runtime Environment Corretto-18.0.2.9.1 (18.0.2+9) (build 18.0.2+9-FR)
# Java VM: OpenJDK 64-Bit Server VM Corretto-18.0.2.9.1 (18.0.2+9-FR, mixed mode, sharing, tiered, compressed oops, compressed class ptrs, g1 gc, windows-amd64)
# No core dump will be written. Minidumps are not enabled by default on client versions of Windows
#

---------------  S U M M A R Y ------------

Command Line: -javaagent:C:\Program Files\JetBrains\IntelliJ IDEA Community Edition 2022.2.4\lib\idea_rt.jar=2150:C:\Program Files\JetBrains\IntelliJ IDEA Community Edition 2022.2.4\bin -Dfile.encoding=UTF-8 -Dsun.stdout.encoding=UTF-8 -Dsun.stderr.encoding=UTF-8 com.example.emailBackend.EmailBackendApplication

Host: Intel(R) Core(TM) i5-10210U CPU @ 1.60GHz, 8 cores, 7G,  Windows 10 , 64 bit Build 19041 (10.0.19041.2364)
Time: Wed Dec 28 20:18:49 2022 Egypt Standard Time elapsed time: 0.592563 seconds (0d 0h 0m 0s)

---------------  T H R E A D  ---------------

Current thread (0x0000027061500b70):  JavaThread "main" [_thread_in_vm, id=13120, stack(0x000000f7ab200000,0x000000f7ab300000)]

Stack: [0x000000f7ab200000,0x000000f7ab300000]
Native frames: (J=compiled Java code, j=interpreted, Vv=VM code, C=native code)
V  [jvm.dll+0x685a2a]
V  [jvm.dll+0x82ae8d]
V  [jvm.dll+0x82c75e]
V  [jvm.dll+0x82ce03]
V  [jvm.dll+0x25ef4b]
V  [jvm.dll+0x826bdb]
V  [jvm.dll+0x62d206]
V  [jvm.dll+0x1dd6de]
V  [jvm.dll+0x62fa7e]
V  [jvm.dll+0x62f88e]
V  [jvm.dll+0x62dbc5]
V  [jvm.dll+0x38d249]
V  [jvm.dll+0x1ff789]
V  [jvm.dll+0x54c26e]
V  [jvm.dll+0x7a8aed]
V  [jvm.dll+0x7a8a4a]
V  [jvm.dll+0x424f11]
V  [jvm.dll+0x437ba6]
C  [java.dll+0x1657]

Java frames: (J=compiled Java code, j=interpreted, Vv=VM code)
j  java.lang.ClassLoader.defineClass0(Ljava/lang/ClassLoader;Ljava/lang/Class;Ljava/lang/String;[BIILjava/security/ProtectionDomain;ZILjava/lang/Object;)Ljava/lang/Class;+0 java.base@18.0.2
j  java.lang.System$2.defineClass(Ljava/lang/ClassLoader;Ljava/lang/Class;Ljava/lang/String;[BLjava/security/ProtectionDomain;ZILjava/lang/Object;)Ljava/lang/Class;+17 java.base@18.0.2
j  java.lang.invoke.MethodHandles$Lookup$ClassDefiner.defineClass(ZLjava/lang/Object;)Ljava/lang/Class;+54 java.base@18.0.2
j  java.lang.invoke.InvokerBytecodeGenerator.loadMethod([B)Ljava/lang/invoke/MemberName;+19 java.base@18.0.2
j  java.lang.invoke.InvokerBytecodeGenerator.generateCustomizedCode(Ljava/lang/invoke/LambdaForm;Ljava/lang/invoke/MethodType;)Ljava/lang/invoke/MemberName;+30 java.base@18.0.2
j  java.lang.invoke.LambdaForm.compileToBytecode()V+69 java.base@18.0.2
j  java.lang.invoke.LambdaForm.prepare()V+21 java.base@18.0.2
j  java.lang.invoke.MethodHandle.<init>(Ljava/lang/invoke/MethodType;Ljava/lang/invoke/LambdaForm;)V+33 java.base@18.0.2
j  java.lang.invoke.BoundMethodHandle.<init>(Ljava/lang/invoke/MethodType;Ljava/lang/invoke/LambdaForm;)V+3 java.base@18.0.2
j  java.lang.invoke.BoundMethodHandle$Species_L.<init>(Ljava/lang/invoke/MethodType;Ljava/lang/invoke/LambdaForm;Ljava/lang/Object;)V+3 java.base@18.0.2
j  java.lang.invoke.BoundMethodHandle$Species_L.copyWith(Ljava/lang/invoke/MethodType;Ljava/lang/invoke/LambdaForm;)Ljava/lang/invoke/BoundMethodHandle;+10 java.base@18.0.2
j  java.lang.invoke.MethodHandles.dropArguments0(Ljava/lang/invoke/MethodHandle;ILjava/util/List;)Ljava/lang/invoke/MethodHandle;+105 java.base@18.0.2
j  java.lang.invoke.MethodHandles.dropArguments(Ljava/lang/invoke/MethodHandle;I[Ljava/lang/Class;)Ljava/lang/invoke/MethodHandle;+6 java.base@18.0.2
j  java.lang.invoke.StringConcatFactory.generateMHInlineCopy(Ljava/lang/invoke/MethodType;Ljava/util/List;)Ljava/lang/invoke/MethodHandle;+266 java.base@18.0.2
j  java.lang.invoke.StringConcatFactory.makeConcatWithConstants(Ljava/lang/invoke/MethodHandles$Lookup;Ljava/lang/String;Ljava/lang/invoke/MethodType;Ljava/lang/String;[Ljava/lang/Object;)Ljava/lang/invoke/CallSite;+220 java.base@18.0.2
j  java.lang.invoke.DirectMethodHandle$Holder.invokeStatic(Ljava/lang/Object;Ljava/lang/Object;Ljava/lang/Object;Ljava/lang/Object;Ljava/lang/Object;Ljava/lang/Object;)Ljava/lang/Object;+18 java.base@18.0.2
j  java.lang.invoke.DelegatingMethodHandle$Holder.delegate(Ljava/lang/Object;Ljava/lang/Object;Ljava/lang/Object;Ljava/lang/Object;Ljava/lang/Object;Ljava/lang/Object;)Ljava/lang/Object;+21 java.base@18.0.2
j  java.lang.invoke.Invokers$Holder.invokeExact_MT(Ljava/lang/Object;Ljava/lang/Object;Ljava/lang/Object;Ljava/lang/Object;Ljava/lang/Object;Ljava/lang/Object;Ljava/lang/Object;)Ljava/lang/Object;+26 java.base@18.0.2
j  java.lang.invoke.BootstrapMethodInvoker.invoke(Ljava/lang/Class;Ljava/lang/invoke/MethodHandle;Ljava/lang/String;Ljava/lang/Object;Ljava/lang/Object;Ljava/lang/Class;)Ljava/lang/Object;+157 java.base@18.0.2
j  java.lang.invoke.CallSite.makeSite(Ljava/lang/invoke/MethodHandle;Ljava/lang/String;Ljava/lang/invoke/MethodType;Ljava/lang/Object;Ljava/lang/Class;)Ljava/lang/invoke/CallSite;+8 java.base@18.0.2
j  java.lang.invoke.MethodHandleNatives.linkCallSiteImpl(Ljava/lang/Class;Ljava/lang/invoke/MethodHandle;Ljava/lang/String;Ljava/lang/invoke/MethodType;Ljava/lang/Object;[Ljava/lang/Object;)Ljava/lang/invoke/MemberName;+6 java.base@18.0.2
j  java.lang.invoke.MethodHandleNatives.linkCallSite(Ljava/lang/Object;Ljava/lang/Object;Ljava/lang/Object;Ljava/lang/Object;Ljava/lang/Object;[Ljava/lang/Object;)Ljava/lang/invoke/MemberName;+45 java.base@18.0.2
v  ~StubRoutines::call_stub
j  org.springframework.util.ClassUtils.forName(Ljava/lang/String;Ljava/lang/ClassLoader;)Ljava/lang/Class;+211
j  org.springframework.util.ClassUtils.isPresent(Ljava/lang/String;Ljava/lang/ClassLoader;)Z+2
j  org.springframework.boot.WebApplicationType.deduceFromClasspath()Lorg/springframework/boot/WebApplicationType;+3
j  org.springframework.boot.SpringApplication.<init>(Lorg/springframework/core/io/ResourceLoader;[Ljava/lang/Class;)V+105
j  org.springframework.boot.SpringApplication.<init>([Ljava/lang/Class;)V+3
j  org.springframework.boot.SpringApplication.run([Ljava/lang/Class;[Ljava/lang/String;)Lorg/springframework/context/ConfigurableApplicationContext;+5
j  org.springframework.boot.SpringApplication.run(Ljava/lang/Class;[Ljava/lang/String;)Lorg/springframework/context/ConfigurableApplicationContext;+9
j  com.example.emailBackend.EmailBackendApplication.main([Ljava/lang/String;)V+3
v  ~StubRoutines::call_stub

---------------  P R O C E S S  ---------------

Threads class SMR info:
_java_thread_list=0x000002707fbc8ef0, length=14, elements={
0x0000027061500b70, 0x000002707f85de40, 0x000002707f85eaa0, 0x000002707f8785c0,
0x000002707f878f60, 0x000002707f879900, 0x000002707f87c2c0, 0x000002707f88dcf0,
0x000002707f88f5f0, 0x000002707f891ef0, 0x000002707fa8da80, 0x000002707fbf76f0,
0x000002707fceb480, 0x000002707fda66f0
}

Java Threads: ( => current thread )
=>0x0000027061500b70 JavaThread "main" [_thread_in_vm, id=13120, stack(0x000000f7ab200000,0x000000f7ab300000)]
  0x000002707f85de40 JavaThread "Reference Handler" daemon [_thread_blocked, id=10436, stack(0x000000f7ab900000,0x000000f7aba00000)]
  0x000002707f85eaa0 JavaThread "Finalizer" daemon [_thread_blocked, id=18124, stack(0x000000f7aba00000,0x000000f7abb00000)]
  0x000002707f8785c0 JavaThread "Signal Dispatcher" daemon [_thread_blocked, id=19388, stack(0x000000f7abb00000,0x000000f7abc00000)]
  0x000002707f878f60 JavaThread "Attach Listener" daemon [_thread_blocked, id=16312, stack(0x000000f7abc00000,0x000000f7abd00000)]
  0x000002707f879900 JavaThread "Service Thread" daemon [_thread_blocked, id=9252, stack(0x000000f7abd00000,0x000000f7abe00000)]
  0x000002707f87c2c0 JavaThread "Monitor Deflation Thread" daemon [_thread_blocked, id=13376, stack(0x000000f7abe00000,0x000000f7abf00000)]
  0x000002707f88dcf0 JavaThread "C2 CompilerThread0" daemon [_thread_blocked, id=17352, stack(0x000000f7abf00000,0x000000f7ac000000)]
  0x000002707f88f5f0 JavaThread "C1 CompilerThread0" daemon [_thread_blocked, id=12256, stack(0x000000f7ac000000,0x000000f7ac100000)]
  0x000002707f891ef0 JavaThread "Sweeper thread" daemon [_thread_blocked, id=19500, stack(0x000000f7ac100000,0x000000f7ac200000)]
  0x000002707fa8da80 JavaThread "Common-Cleaner" daemon [_thread_blocked, id=15688, stack(0x000000f7ac200000,0x000000f7ac300000)]
  0x000002707fbf76f0 JavaThread "C2 CompilerThread1" daemon [_thread_blocked, id=15800, stack(0x000000f7ac300000,0x000000f7ac400000)]
  0x000002707fceb480 JavaThread "Monitor Ctrl-Break" daemon [_thread_in_native, id=15836, stack(0x000000f7ac400000,0x000000f7ac500000)]
  0x000002707fda66f0 JavaThread "Notification Thread" daemon [_thread_blocked, id=16448, stack(0x000000f7ac500000,0x000000f7ac600000)]

Other Threads:
  0x000002706157f4c0 VMThread "VM Thread" [stack: 0x000000f7ab800000,0x000000f7ab900000] [id=15904]
  0x000002707fb2bd30 WatcherThread "VM Periodic Task Thread" [stack: 0x000000f7ac600000,0x000000f7ac700000] [id=7116]
  0x000002706155e7c0 WorkerThread "GC Thread#0" [stack: 0x000000f7ab300000,0x000000f7ab400000] [id=19268]
  0x0000027061570100 ConcurrentGCThread "G1 Main Marker" [stack: 0x000000f7ab400000,0x000000f7ab500000] [id=7188]
  0x0000027061570af0 WorkerThread "G1 Conc#0" [stack: 0x000000f7ab500000,0x000000f7ab600000] [id=19820]
  0x00000270615cec30 ConcurrentGCThread "G1 Refine#0" [stack: 0x000000f7ab600000,0x000000f7ab700000] [id=17604]
  0x000002707f714bd0 ConcurrentGCThread "G1 Service" [stack: 0x000000f7ab700000,0x000000f7ab800000] [id=13068]

Threads with active compile tasks:

VM state: not at safepoint (normal execution)

VM Mutex/Monitor currently owned by a thread:  ([mutex/lock_event])
[0x000002705f28cac0] Metaspace_lock - owner thread: 0x0000027061500b70

Heap address: 0x0000000083000000, size: 2000 MB, Compressed Oops mode: 32-bit

CDS archive(s) mapped at: [0x0000000800000000-0x0000000800ba0000-0x0000000800ba0000), size 12189696, SharedBaseAddress: 0x0000000800000000, ArchiveRelocationMode: 0.
Compressed class space mapped at: 0x0000000800c00000-0x0000000840c00000, reserved size: 1073741824
Narrow klass base: 0x0000000800000000, Narrow klass shift: 0, Narrow klass range: 0x100000000

GC Precious Log:
 CardTable entry size: 512
 Card Set container configuration: InlinePtr #cards 5 size 8 Array Of Cards #cards 12 size 40 Howl #buckets 4 coarsen threshold 1843 Howl Bitmap #cards 512 size 80 coarsen threshold 460 Card regions per heap region 1 cards per card region 2048
 CPUs: 8 total, 8 available
 Memory: 7995M
 Large Page Support: Disabled
 NUMA Support: Disabled
 Compressed Oops: Enabled (32-bit)
 Heap Region Size: 1M
 Heap Min Capacity: 8M
 Heap Initial Capacity: 126M
 Heap Max Capacity: 2000M
 Pre-touch: Disabled
 Parallel Workers: 8
 Concurrent Workers: 2
 Concurrent Refinement Workers: 8
 Periodic GC: Disabled

Heap:
 garbage-first heap   total 129024K, used 6144K [0x0000000083000000, 0x0000000100000000)
  region size 1024K, 8 young (8192K), 0 survivors (0K)
 Metaspace       used 2563K, committed 2688K, reserved 1114112K
  class space    used 250K, committed 320K, reserved 1048576K

Heap Regions: E=young(eden), S=young(survivor), O=old, HS=humongous(starts), HC=humongous(continues), CS=collection set, F=free, OA=open archive, CA=closed archive, TAMS=top-at-mark-start (previous, next)
|   0|0x0000000083000000, 0x0000000083000000, 0x0000000083100000|  0%| F|  |TAMS 0x0000000083000000, 0x0000000083000000| Untracked 
|   1|0x0000000083100000, 0x0000000083100000, 0x0000000083200000|  0%| F|  |TAMS 0x0000000083100000, 0x0000000083100000| Untracked 
|   2|0x0000000083200000, 0x0000000083200000, 0x0000000083300000|  0%| F|  |TAMS 0x0000000083200000, 0x0000000083200000| Untracked 
|   3|0x0000000083300000, 0x0000000083300000, 0x0000000083400000|  0%| F|  |TAMS 0x0000000083300000, 0x0000000083300000| Untracked 
|   4|0x0000000083400000, 0x0000000083400000, 0x0000000083500000|  0%| F|  |TAMS 0x0000000083400000, 0x0000000083400000| Untracked 
|   5|0x0000000083500000, 0x0000000083500000, 0x0000000083600000|  0%| F|  |TAMS 0x0000000083500000, 0x0000000083500000| Untracked 
|   6|0x0000000083600000, 0x0000000083600000, 0x0000000083700000|  0%| F|  |TAMS 0x0000000083600000, 0x0000000083600000| Untracked 
|   7|0x0000000083700000, 0x0000000083700000, 0x0000000083800000|  0%| F|  |TAMS 0x0000000083700000, 0x0000000083700000| Untracked 
|   8|0x0000000083800000, 0x0000000083800000, 0x0000000083900000|  0%| F|  |TAMS 0x0000000083800000, 0x0000000083800000| Untracked 
|   9|0x0000000083900000, 0x0000000083900000, 0x0000000083a00000|  0%| F|  |TAMS 0x0000000083900000, 0x0000000083900000| Untracked 
|  10|0x0000000083a00000, 0x0000000083a00000, 0x0000000083b00000|  0%| F|  |TAMS 0x0000000083a00000, 0x0000000083a00000| Untracked 
|  11|0x0000000083b00000, 0x0000000083b00000, 0x0000000083c00000|  0%| F|  |TAMS 0x0000000083b00000, 0x0000000083b00000| Untracked 
|  12|0x0000000083c00000, 0x0000000083c00000, 0x0000000083d00000|  0%| F|  |TAMS 0x0000000083c00000, 0x0000000083c00000| Untracked 
|  13|0x0000000083d00000, 0x0000000083d00000, 0x0000000083e00000|  0%| F|  |TAMS 0x0000000083d00000, 0x0000000083d00000| Untracked 
|  14|0x0000000083e00000, 0x0000000083e00000, 0x0000000083f00000|  0%| F|  |TAMS 0x0000000083e00000, 0x0000000083e00000| Untracked 
|  15|0x0000000083f00000, 0x0000000083f00000, 0x0000000084000000|  0%| F|  |TAMS 0x0000000083f00000, 0x0000000083f00000| Untracked 
|  16|0x0000000084000000, 0x0000000084000000, 0x0000000084100000|  0%| F|  |TAMS 0x0000000084000000, 0x0000000084000000| Untracked 
|  17|0x0000000084100000, 0x0000000084100000, 0x0000000084200000|  0%| F|  |TAMS 0x0000000084100000, 0x0000000084100000| Untracked 
|  18|0x0000000084200000, 0x0000000084200000, 0x0000000084300000|  0%| F|  |TAMS 0x0000000084200000, 0x0000000084200000| Untracked 
|  19|0x0000000084300000, 0x0000000084300000, 0x0000000084400000|  0%| F|  |TAMS 0x0000000084300000, 0x0000000084300000| Untracked 
|  20|0x0000000084400000, 0x0000000084400000, 0x0000000084500000|  0%| F|  |TAMS 0x0000000084400000, 0x0000000084400000| Untracked 
|  21|0x0000000084500000, 0x0000000084500000, 0x0000000084600000|  0%| F|  |TAMS 0x0000000084500000, 0x0000000084500000| Untracked 
|  22|0x0000000084600000, 0x0000000084600000, 0x0000000084700000|  0%| F|  |TAMS 0x0000000084600000, 0x0000000084600000| Untracked 
|  23|0x0000000084700000, 0x0000000084700000, 0x0000000084800000|  0%| F|  |TAMS 0x0000000084700000, 0x0000000084700000| Untracked 
|  24|0x0000000084800000, 0x0000000084800000, 0x0000000084900000|  0%| F|  |TAMS 0x0000000084800000, 0x0000000084800000| Untracked 
|  25|0x0000000084900000, 0x0000000084900000, 0x0000000084a00000|  0%| F|  |TAMS 0x0000000084900000, 0x0000000084900000| Untracked 
|  26|0x0000000084a00000, 0x0000000084a00000, 0x0000000084b00000|  0%| F|  |TAMS 0x0000000084a00000, 0x0000000084a00000| Untracked 
|  27|0x0000000084b00000, 0x0000000084b00000, 0x0000000084c00000|  0%| F|  |TAMS 0x0000000084b00000, 0x0000000084b00000| Untracked 
|  28|0x0000000084c00000, 0x0000000084c00000, 0x0000000084d00000|  0%| F|  |TAMS 0x0000000084c00000, 0x0000000084c00000| Untracked 
|  29|0x0000000084d00000, 0x0000000084d00000, 0x0000000084e00000|  0%| F|  |TAMS 0x0000000084d00000, 0x0000000084d00000| Untracked 
|  30|0x0000000084e00000, 0x0000000084e00000, 0x0000000084f00000|  0%| F|  |TAMS 0x0000000084e00000, 0x0000000084e00000| Untracked 
|  31|0x0000000084f00000, 0x0000000084f00000, 0x0000000085000000|  0%| F|  |TAMS 0x0000000084f00000, 0x0000000084f00000| Untracked 
|  32|0x0000000085000000, 0x0000000085000000, 0x0000000085100000|  0%| F|  |TAMS 0x0000000085000000, 0x0000000085000000| Untracked 
|  33|0x0000000085100000, 0x0000000085100000, 0x0000000085200000|  0%| F|  |TAMS 0x0000000085100000, 0x0000000085100000| Untracked 
|  34|0x0000000085200000, 0x0000000085200000, 0x0000000085300000|  0%| F|  |TAMS 0x0000000085200000, 0x0000000085200000| Untracked 
|  35|0x0000000085300000, 0x0000000085300000, 0x0000000085400000|  0%| F|  |TAMS 0x0000000085300000, 0x0000000085300000| Untracked 
|  36|0x0000000085400000, 0x0000000085400000, 0x0000000085500000|  0%| F|  |TAMS 0x0000000085400000, 0x0000000085400000| Untracked 
|  37|0x0000000085500000, 0x0000000085500000, 0x0000000085600000|  0%| F|  |TAMS 0x0000000085500000, 0x0000000085500000| Untracked 
|  38|0x0000000085600000, 0x0000000085600000, 0x0000000085700000|  0%| F|  |TAMS 0x0000000085600000, 0x0000000085600000| Untracked 
|  39|0x0000000085700000, 0x0000000085700000, 0x0000000085800000|  0%| F|  |TAMS 0x0000000085700000, 0x0000000085700000| Untracked 
|  40|0x0000000085800000, 0x0000000085800000, 0x0000000085900000|  0%| F|  |TAMS 0x0000000085800000, 0x0000000085800000| Untracked 
|  41|0x0000000085900000, 0x0000000085900000, 0x0000000085a00000|  0%| F|  |TAMS 0x0000000085900000, 0x0000000085900000| Untracked 
|  42|0x0000000085a00000, 0x0000000085a00000, 0x0000000085b00000|  0%| F|  |TAMS 0x0000000085a00000, 0x0000000085a00000| Untracked 
|  43|0x0000000085b00000, 0x0000000085b00000, 0x0000000085c00000|  0%| F|  |TAMS 0x0000000085b00000, 0x0000000085b00000| Untracked 
|  44|0x0000000085c00000, 0x0000000085c00000, 0x0000000085d00000|  0%| F|  |TAMS 0x0000000085c00000, 0x0000000085c00000| Untracked 
|  45|0x0000000085d00000, 0x0000000085d00000, 0x0000000085e00000|  0%| F|  |TAMS 0x0000000085d00000, 0x0000000085d00000| Untracked 
|  46|0x0000000085e00000, 0x0000000085e00000, 0x0000000085f00000|  0%| F|  |TAMS 0x0000000085e00000, 0x0000000085e00000| Untracked 
|  47|0x0000000085f00000, 0x0000000085f00000, 0x0000000086000000|  0%| F|  |TAMS 0x0000000085f00000, 0x0000000085f00000| Untracked 
|  48|0x0000000086000000, 0x0000000086000000, 0x0000000086100000|  0%| F|  |TAMS 0x0000000086000000, 0x0000000086000000| Untracked 
|  49|0x0000000086100000, 0x0000000086100000, 0x0000000086200000|  0%| F|  |TAMS 0x0000000086100000, 0x0000000086100000| Untracked 
|  50|0x0000000086200000, 0x0000000086200000, 0x0000000086300000|  0%| F|  |TAMS 0x0000000086200000, 0x0000000086200000| Untracked 
|  51|0x0000000086300000, 0x0000000086300000, 0x0000000086400000|  0%| F|  |TAMS 0x0000000086300000, 0x0000000086300000| Untracked 
|  52|0x0000000086400000, 0x0000000086400000, 0x0000000086500000|  0%| F|  |TAMS 0x0000000086400000, 0x0000000086400000| Untracked 
|  53|0x0000000086500000, 0x0000000086500000, 0x0000000086600000|  0%| F|  |TAMS 0x0000000086500000, 0x0000000086500000| Untracked 
|  54|0x0000000086600000, 0x0000000086600000, 0x0000000086700000|  0%| F|  |TAMS 0x0000000086600000, 0x0000000086600000| Untracked 
|  55|0x0000000086700000, 0x0000000086700000, 0x0000000086800000|  0%| F|  |TAMS 0x0000000086700000, 0x0000000086700000| Untracked 
|  56|0x0000000086800000, 0x0000000086800000, 0x0000000086900000|  0%| F|  |TAMS 0x0000000086800000, 0x0000000086800000| Untracked 
|  57|0x0000000086900000, 0x0000000086900000, 0x0000000086a00000|  0%| F|  |TAMS 0x0000000086900000, 0x0000000086900000| Untracked 
|  58|0x0000000086a00000, 0x0000000086a00000, 0x0000000086b00000|  0%| F|  |TAMS 0x0000000086a00000, 0x0000000086a00000| Untracked 
|  59|0x0000000086b00000, 0x0000000086b00000, 0x0000000086c00000|  0%| F|  |TAMS 0x0000000086b00000, 0x0000000086b00000| Untracked 
|  60|0x0000000086c00000, 0x0000000086c00000, 0x0000000086d00000|  0%| F|  |TAMS 0x0000000086c00000, 0x0000000086c00000| Untracked 
|  61|0x0000000086d00000, 0x0000000086d00000, 0x0000000086e00000|  0%| F|  |TAMS 0x0000000086d00000, 0x0000000086d00000| Untracked 
|  62|0x0000000086e00000, 0x0000000086e00000, 0x0000000086f00000|  0%| F|  |TAMS 0x0000000086e00000, 0x0000000086e00000| Untracked 
|  63|0x0000000086f00000, 0x0000000086f00000, 0x0000000087000000|  0%| F|  |TAMS 0x0000000086f00000, 0x0000000086f00000| Untracked 
|  64|0x0000000087000000, 0x0000000087000000, 0x0000000087100000|  0%| F|  |TAMS 0x0000000087000000, 0x0000000087000000| Untracked 
|  65|0x0000000087100000, 0x0000000087100000, 0x0000000087200000|  0%| F|  |TAMS 0x0000000087100000, 0x0000000087100000| Untracked 
|  66|0x0000000087200000, 0x0000000087200000, 0x0000000087300000|  0%| F|  |TAMS 0x0000000087200000, 0x0000000087200000| Untracked 
|  67|0x0000000087300000, 0x0000000087300000, 0x0000000087400000|  0%| F|  |TAMS 0x0000000087300000, 0x0000000087300000| Untracked 
|  68|0x0000000087400000, 0x0000000087400000, 0x0000000087500000|  0%| F|  |TAMS 0x0000000087400000, 0x0000000087400000| Untracked 
|  69|0x0000000087500000, 0x0000000087500000, 0x0000000087600000|  0%| F|  |TAMS 0x0000000087500000, 0x0000000087500000| Untracked 
|  70|0x0000000087600000, 0x0000000087600000, 0x0000000087700000|  0%| F|  |TAMS 0x0000000087600000, 0x0000000087600000| Untracked 
|  71|0x0000000087700000, 0x0000000087700000, 0x0000000087800000|  0%| F|  |TAMS 0x0000000087700000, 0x0000000087700000| Untracked 
|  72|0x0000000087800000, 0x0000000087800000, 0x0000000087900000|  0%| F|  |TAMS 0x0000000087800000, 0x0000000087800000| Untracked 
|  73|0x0000000087900000, 0x0000000087900000, 0x0000000087a00000|  0%| F|  |TAMS 0x0000000087900000, 0x0000000087900000| Untracked 
|  74|0x0000000087a00000, 0x0000000087a00000, 0x0000000087b00000|  0%| F|  |TAMS 0x0000000087a00000, 0x0000000087a00000| Untracked 
|  75|0x0000000087b00000, 0x0000000087b00000, 0x0000000087c00000|  0%| F|  |TAMS 0x0000000087b00000, 0x0000000087b00000| Untracked 
|  76|0x0000000087c00000, 0x0000000087c00000, 0x0000000087d00000|  0%| F|  |TAMS 0x0000000087c00000, 0x0000000087c00000| Untracked 
|  77|0x0000000087d00000, 0x0000000087d00000, 0x0000000087e00000|  0%| F|  |TAMS 0x0000000087d00000, 0x0000000087d00000| Untracked 
|  78|0x0000000087e00000, 0x0000000087e00000, 0x0000000087f00000|  0%| F|  |TAMS 0x0000000087e00000, 0x0000000087e00000| Untracked 
|  79|0x0000000087f00000, 0x0000000087f00000, 0x0000000088000000|  0%| F|  |TAMS 0x0000000087f00000, 0x0000000087f00000| Untracked 
|  80|0x0000000088000000, 0x0000000088000000, 0x0000000088100000|  0%| F|  |TAMS 0x0000000088000000, 0x0000000088000000| Untracked 
|  81|0x0000000088100000, 0x0000000088100000, 0x0000000088200000|  0%| F|  |TAMS 0x0000000088100000, 0x0000000088100000| Untracked 
|  82|0x0000000088200000, 0x0000000088200000, 0x0000000088300000|  0%| F|  |TAMS 0x0000000088200000, 0x0000000088200000| Untracked 
|  83|0x0000000088300000, 0x0000000088300000, 0x0000000088400000|  0%| F|  |TAMS 0x0000000088300000, 0x0000000088300000| Untracked 
|  84|0x0000000088400000, 0x0000000088400000, 0x0000000088500000|  0%| F|  |TAMS 0x0000000088400000, 0x0000000088400000| Untracked 
|  85|0x0000000088500000, 0x0000000088500000, 0x0000000088600000|  0%| F|  |TAMS 0x0000000088500000, 0x0000000088500000| Untracked 
|  86|0x0000000088600000, 0x0000000088600000, 0x0000000088700000|  0%| F|  |TAMS 0x0000000088600000, 0x0000000088600000| Untracked 
|  87|0x0000000088700000, 0x0000000088700000, 0x0000000088800000|  0%| F|  |TAMS 0x0000000088700000, 0x0000000088700000| Untracked 
|  88|0x0000000088800000, 0x0000000088800000, 0x0000000088900000|  0%| F|  |TAMS 0x0000000088800000, 0x0000000088800000| Untracked 
|  89|0x0000000088900000, 0x0000000088900000, 0x0000000088a00000|  0%| F|  |TAMS 0x0000000088900000, 0x0000000088900000| Untracked 
|  90|0x0000000088a00000, 0x0000000088a00000, 0x0000000088b00000|  0%| F|  |TAMS 0x0000000088a00000, 0x0000000088a00000| Untracked 
|  91|0x0000000088b00000, 0x0000000088b00000, 0x0000000088c00000|  0%| F|  |TAMS 0x0000000088b00000, 0x0000000088b00000| Untracked 
|  92|0x0000000088c00000, 0x0000000088c00000, 0x0000000088d00000|  0%| F|  |TAMS 0x0000000088c00000, 0x0000000088c00000| Untracked 
|  93|0x0000000088d00000, 0x0000000088d00000, 0x0000000088e00000|  0%| F|  |TAMS 0x0000000088d00000, 0x0000000088d00000| Untracked 
|  94|0x0000000088e00000, 0x0000000088e00000, 0x0000000088f00000|  0%| F|  |TAMS 0x0000000088e00000, 0x0000000088e00000| Untracked 
|  95|0x0000000088f00000, 0x0000000088f00000, 0x0000000089000000|  0%| F|  |TAMS 0x0000000088f00000, 0x0000000088f00000| Untracked 
|  96|0x0000000089000000, 0x0000000089000000, 0x0000000089100000|  0%| F|  |TAMS 0x0000000089000000, 0x0000000089000000| Untracked 
|  97|0x0000000089100000, 0x0000000089100000, 0x0000000089200000|  0%| F|  |TAMS 0x0000000089100000, 0x0000000089100000| Untracked 
|  98|0x0000000089200000, 0x0000000089200000, 0x0000000089300000|  0%| F|  |TAMS 0x0000000089200000, 0x0000000089200000| Untracked 
|  99|0x0000000089300000, 0x0000000089300000, 0x0000000089400000|  0%| F|  |TAMS 0x0000000089300000, 0x0000000089300000| Untracked 
| 100|0x0000000089400000, 0x0000000089400000, 0x0000000089500000|  0%| F|  |TAMS 0x0000000089400000, 0x0000000089400000| Untracked 
| 101|0x0000000089500000, 0x0000000089500000, 0x0000000089600000|  0%| F|  |TAMS 0x0000000089500000, 0x0000000089500000| Untracked 
| 102|0x0000000089600000, 0x0000000089600000, 0x0000000089700000|  0%| F|  |TAMS 0x0000000089600000, 0x0000000089600000| Untracked 
| 103|0x0000000089700000, 0x0000000089700000, 0x0000000089800000|  0%| F|  |TAMS 0x0000000089700000, 0x0000000089700000| Untracked 
| 104|0x0000000089800000, 0x0000000089800000, 0x0000000089900000|  0%| F|  |TAMS 0x0000000089800000, 0x0000000089800000| Untracked 
| 105|0x0000000089900000, 0x0000000089900000, 0x0000000089a00000|  0%| F|  |TAMS 0x0000000089900000, 0x0000000089900000| Untracked 
| 106|0x0000000089a00000, 0x0000000089a00000, 0x0000000089b00000|  0%| F|  |TAMS 0x0000000089a00000, 0x0000000089a00000| Untracked 
| 107|0x0000000089b00000, 0x0000000089b00000, 0x0000000089c00000|  0%| F|  |TAMS 0x0000000089b00000, 0x0000000089b00000| Untracked 
| 108|0x0000000089c00000, 0x0000000089c00000, 0x0000000089d00000|  0%| F|  |TAMS 0x0000000089c00000, 0x0000000089c00000| Untracked 
| 109|0x0000000089d00000, 0x0000000089d00000, 0x0000000089e00000|  0%| F|  |TAMS 0x0000000089d00000, 0x0000000089d00000| Untracked 
| 110|0x0000000089e00000, 0x0000000089e00000, 0x0000000089f00000|  0%| F|  |TAMS 0x0000000089e00000, 0x0000000089e00000| Untracked 
| 111|0x0000000089f00000, 0x0000000089f00000, 0x000000008a000000|  0%| F|  |TAMS 0x0000000089f00000, 0x0000000089f00000| Untracked 
| 112|0x000000008a000000, 0x000000008a000000, 0x000000008a100000|  0%| F|  |TAMS 0x000000008a000000, 0x000000008a000000| Untracked 
| 113|0x000000008a100000, 0x000000008a100000, 0x000000008a200000|  0%| F|  |TAMS 0x000000008a100000, 0x000000008a100000| Untracked 
| 114|0x000000008a200000, 0x000000008a200000, 0x000000008a300000|  0%| F|  |TAMS 0x000000008a200000, 0x000000008a200000| Untracked 
| 115|0x000000008a300000, 0x000000008a300000, 0x000000008a400000|  0%| F|  |TAMS 0x000000008a300000, 0x000000008a300000| Untracked 
| 116|0x000000008a400000, 0x000000008a400000, 0x000000008a500000|  0%| F|  |TAMS 0x000000008a400000, 0x000000008a400000| Untracked 
| 117|0x000000008a500000, 0x000000008a500000, 0x000000008a600000|  0%| F|  |TAMS 0x000000008a500000, 0x000000008a500000| Untracked 
| 118|0x000000008a600000, 0x000000008a6ecab8, 0x000000008a700000| 92%| E|  |TAMS 0x000000008a600000, 0x000000008a600000| Complete 
| 119|0x000000008a700000, 0x000000008a800000, 0x000000008a800000|100%| E|CS|TAMS 0x000000008a700000, 0x000000008a700000| Complete 
| 120|0x000000008a800000, 0x000000008a900000, 0x000000008a900000|100%| E|CS|TAMS 0x000000008a800000, 0x000000008a800000| Complete 
| 121|0x000000008a900000, 0x000000008aa00000, 0x000000008aa00000|100%| E|CS|TAMS 0x000000008a900000, 0x000000008a900000| Complete 
| 122|0x000000008aa00000, 0x000000008ab00000, 0x000000008ab00000|100%| E|CS|TAMS 0x000000008aa00000, 0x000000008aa00000| Complete 
| 123|0x000000008ab00000, 0x000000008ac00000, 0x000000008ac00000|100%| E|CS|TAMS 0x000000008ab00000, 0x000000008ab00000| Complete 
| 124|0x000000008ac00000, 0x000000008ad00000, 0x000000008ad00000|100%| E|  |TAMS 0x000000008ac00000, 0x000000008ac00000| Complete 
| 125|0x000000008ad00000, 0x000000008ae00000, 0x000000008ae00000|100%| E|CS|TAMS 0x000000008ad00000, 0x000000008ad00000| Complete 

Card table byte_map: [0x0000027078800000,0x0000027078bf0000] _byte_map_base: 0x00000270783e8000

Marking Bits (Prev, Next): (CMBitMap*) 0x000002706155fdd0, (CMBitMap*) 0x000002706155fe10
 Prev Bits: [0x0000027078fe0000, 0x000002707af20000)
 Next Bits: [0x000002707af20000, 0x000002707ce60000)

Polling page: 0x000002705f500000

Metaspace:

Usage:
  Non-class:      2.26 MB used.
      Class:    250.63 KB used.
       Both:      2.50 MB used.

Virtual space:
  Non-class space:       64.00 MB reserved,       2.31 MB (  4%) committed,  1 nodes.
      Class space:        1.00 GB reserved,     320.00 KB ( <1%) committed,  1 nodes.
             Both:        1.06 GB reserved,       2.63 MB ( <1%) committed. 

Chunk freelists:
   Non-Class:  3.20 MB
       Class:  3.62 MB
        Both:  6.83 MB

MaxMetaspaceSize: unlimited
CompressedClassSpaceSize: 1.00 GB
Initial GC threshold: 21.00 MB
Current GC threshold: 21.00 MB
CDS: on
MetaspaceReclaimPolicy: balanced
 - commit_granule_bytes: 65536.
 - commit_granule_words: 8192.
 - virtual_space_node_default_size: 8388608.
 - enlarge_chunks_in_place: 1.
 - new_chunks_are_fully_committed: 0.
 - uncommit_free_chunks: 1.
 - use_allocation_guard: 0.


Internal statistics:

num_allocs_failed_limit: 0.
num_arena_births: 44.
num_arena_deaths: 0.
num_vsnodes_births: 2.
num_vsnodes_deaths: 0.
num_space_committed: 42.
num_space_uncommitted: 0.
num_chunks_returned_to_freelist: 0.
num_chunks_taken_from_freelist: 85.
num_chunk_merges: 0.
num_chunk_splits: 61.
num_chunks_enlarged: 43.
num_inconsistent_stats: 0.

CodeHeap 'non-profiled nmethods': size=120000Kb used=194Kb max_used=194Kb free=119805Kb
 bounds [0x0000027070ba0000, 0x0000027070e10000, 0x00000270780d0000]
CodeHeap 'profiled nmethods': size=120000Kb used=905Kb max_used=905Kb free=119094Kb
 bounds [0x0000027069670000, 0x00000270698e0000, 0x0000027070ba0000]
CodeHeap 'non-nmethods': size=5760Kb used=1150Kb max_used=1166Kb free=4609Kb
 bounds [0x00000270690d0000, 0x0000027069340000, 0x0000027069670000]
 total_blobs=1021 nmethods=592 adapters=342
 compilation: enabled
              stopped_count=0, restarted_count=0
 full_count=0

Compilation events (20 events):
Event: 0.510 Thread 0x000002707f88dcf0 nmethod 582 0x0000027070bcf810 code [0x0000027070bcf980, 0x0000027070bcfad8]
Event: 0.515 Thread 0x000002707fbf76f0 nmethod 581 0x0000027070bcfc10 code [0x0000027070bcfda0, 0x0000027070bd0098]
Event: 0.515 Thread 0x000002707f88f5f0  583       3       java.lang.System$2::findBootstrapClassOrNull (5 bytes)
Event: 0.515 Thread 0x000002707f88f5f0 nmethod 583 0x000002706974c190 code [0x000002706974c340, 0x000002706974c558]
Event: 0.515 Thread 0x000002707f88f5f0  584       3       java.lang.ClassLoader::findBootstrapClassOrNull (14 bytes)
Event: 0.515 Thread 0x000002707f88f5f0 nmethod 584 0x000002706974c690 code [0x000002706974c840, 0x000002706974c9f8]
Event: 0.516 Thread 0x000002707f88f5f0  585       3       java.lang.ref.SoftReference::get (29 bytes)
Event: 0.516 Thread 0x000002707f88f5f0 nmethod 585 0x000002706974ca90 code [0x000002706974cc20, 0x000002706974cdf8]
Event: 0.516 Thread 0x000002707f88f5f0  586   !   3       java.util.concurrent.ConcurrentHashMap::computeIfAbsent (576 bytes)
Event: 0.518 Thread 0x000002707fbf76f0  590       4       java.util.Objects::requireNonNull (15 bytes)
Event: 0.518 Thread 0x000002707f88f5f0 nmethod 586 0x000002706974ce90 code [0x000002706974d2a0, 0x000002706974f678]
Event: 0.518 Thread 0x000002707f88f5f0  588       3       java.lang.ClassLoader::loadClass (7 bytes)
Event: 0.518 Thread 0x000002707fbf76f0 nmethod 590 0x0000027070bd0710 code [0x0000027070bd0880, 0x0000027070bd08f8]
Event: 0.519 Thread 0x000002707f88f5f0 nmethod 588 0x0000027069750710 code [0x00000270697508c0, 0x0000027069750a88]
Event: 0.519 Thread 0x000002707f88f5f0  589       3       jdk.internal.loader.ClassLoaders$AppClassLoader::loadClass (40 bytes)
Event: 0.519 Thread 0x000002707f88f5f0 nmethod 589 0x0000027069750b10 code [0x0000027069750ce0, 0x00000270697510f8]
Event: 0.547 Thread 0x000002707f88f5f0  591       3       java.lang.invoke.LambdaForm::parameterType (9 bytes)
Event: 0.547 Thread 0x000002707f88f5f0 nmethod 591 0x0000027069751290 code [0x0000027069751440, 0x0000027069751588]
Event: 0.548 Thread 0x000002707f88f5f0  592       3       jdk.internal.org.objectweb.asm.MethodWriter::visitVarInsn (302 bytes)
Event: 0.550 Thread 0x000002707f88f5f0 nmethod 592 0x0000027069751690 code [0x00000270697518e0, 0x0000027069752288]

GC Heap History (0 events):
No events

Deoptimization events (20 events):
Event: 0.142 Thread 0x0000027061500b70 DEOPT PACKING pc=0x00000270696a080c sp=0x000000f7ab2fdf50
Event: 0.142 Thread 0x0000027061500b70 DEOPT UNPACKING pc=0x0000027069122b43 sp=0x000000f7ab2fd3e0 mode 0
Event: 0.142 Thread 0x0000027061500b70 DEOPT PACKING pc=0x00000270696a080c sp=0x000000f7ab2fdf50
Event: 0.142 Thread 0x0000027061500b70 DEOPT UNPACKING pc=0x0000027069122b43 sp=0x000000f7ab2fd3e0 mode 0
Event: 0.229 Thread 0x0000027061500b70 DEOPT PACKING pc=0x0000027069681367 sp=0x000000f7ab2fab70
Event: 0.229 Thread 0x0000027061500b70 DEOPT UNPACKING pc=0x0000027069122b43 sp=0x000000f7ab2f9f90 mode 0
Event: 0.250 Thread 0x0000027061500b70 Uncommon trap: trap_request=0xffffff45 fr.pc=0x0000027070bb6ee4 relative=0x0000000000000064
Event: 0.250 Thread 0x0000027061500b70 Uncommon trap: reason=unstable_if action=reinterpret pc=0x0000027070bb6ee4 method=java.io.WinNTFileSystem.isSlash(C)Z @ 9 c2
Event: 0.250 Thread 0x0000027061500b70 DEOPT PACKING pc=0x0000027070bb6ee4 sp=0x000000f7ab2fdd00
Event: 0.250 Thread 0x0000027061500b70 DEOPT UNPACKING pc=0x00000270691223a3 sp=0x000000f7ab2fdc88 mode 2
Event: 0.343 Thread 0x0000027061500b70 DEOPT PACKING pc=0x00000270696a6f56 sp=0x000000f7ab2fc860
Event: 0.343 Thread 0x0000027061500b70 DEOPT UNPACKING pc=0x0000027069122b43 sp=0x000000f7ab2fbd00 mode 0
Event: 0.383 Thread 0x0000027061500b70 Uncommon trap: trap_request=0xffffff45 fr.pc=0x0000027070bc5f18 relative=0x0000000000000278
Event: 0.383 Thread 0x0000027061500b70 Uncommon trap: reason=unstable_if action=reinterpret pc=0x0000027070bc5f18 method=java.io.BufferedReader.read()I @ 19 c2
Event: 0.383 Thread 0x0000027061500b70 DEOPT PACKING pc=0x0000027070bc5f18 sp=0x000000f7ab2fcd90
Event: 0.383 Thread 0x0000027061500b70 DEOPT UNPACKING pc=0x00000270691223a3 sp=0x000000f7ab2fccd0 mode 2
Event: 0.396 Thread 0x0000027061500b70 Uncommon trap: trap_request=0xffffff45 fr.pc=0x0000027070bc5924 relative=0x0000000000000284
Event: 0.396 Thread 0x0000027061500b70 Uncommon trap: reason=unstable_if action=reinterpret pc=0x0000027070bc5924 method=java.io.BufferedReader.read()I @ 19 c2
Event: 0.396 Thread 0x0000027061500b70 DEOPT PACKING pc=0x0000027070bc5924 sp=0x000000f7ab2fcbf0
Event: 0.396 Thread 0x0000027061500b70 DEOPT UNPACKING pc=0x00000270691223a3 sp=0x000000f7ab2fcba0 mode 2

Classes loaded (20 events):
Event: 0.485 Loading class java/util/concurrent/atomic/AtomicReference
Event: 0.486 Loading class java/util/concurrent/atomic/AtomicReference done
Event: 0.492 Loading class java/lang/NumberFormatException
Event: 0.492 Loading class java/lang/NumberFormatException done
Event: 0.501 Loading class java/util/EventListener
Event: 0.501 Loading class java/util/EventListener done
Event: 0.501 Loading class java/lang/InterruptedException
Event: 0.501 Loading class java/lang/InterruptedException done
Event: 0.501 Loading class java/util/concurrent/TimeoutException
Event: 0.501 Loading class java/util/concurrent/TimeoutException done
Event: 0.513 Loading class java/lang/IllegalAccessError
Event: 0.513 Loading class java/lang/IllegalAccessError done
Event: 0.518 Loading class java/util/IdentityHashMap$EntrySet
Event: 0.544 Loading class java/util/IdentityHashMap$EntrySet done
Event: 0.544 Loading class java/util/IdentityHashMap$EntryIterator
Event: 0.544 Loading class java/util/IdentityHashMap$EntryIterator done
Event: 0.544 Loading class java/util/IdentityHashMap$EntryIterator$Entry
Event: 0.544 Loading class java/util/IdentityHashMap$EntryIterator$Entry done
Event: 0.545 Loading class java/util/IdentityHashMap$ValueIterator
Event: 0.545 Loading class java/util/IdentityHashMap$ValueIterator done

Classes unloaded (0 events):
No events

Classes redefined (0 events):
No events

Internal exceptions (5 events):
Event: 0.158 Thread 0x0000027061500b70 Exception <a 'java/lang/NoSuchMethodError'{0x000000008aaab850}: 'void java.lang.invoke.DirectMethodHandle$Holder.invokeStatic(java.lang.Object, java.lang.Object, java.lang.Object)'> (0x000000008aaab850) 
thrown [s\src\hotspot\share\interpreter\linkResolver.cpp, line 759]
Event: 0.162 Thread 0x0000027061500b70 Exception <a 'java/lang/NoSuchMethodError'{0x000000008aac4568}: 'java.lang.Object java.lang.invoke.Invokers$Holder.invokeExact_MT(java.lang.Object, java.lang.Object, java.lang.Object, java.lang.Object, java.lang.Object)'> (0x000000008aac4568) 
thrown [s\src\hotspot\share\interpreter\linkResolver.cpp, line 759]
Event: 0.211 Thread 0x000002707fceb480 Exception <a 'java/lang/NoSuchMethodError'{0x000000008a906cc8}: 'void java.lang.invoke.DirectMethodHandle$Holder.invokeStatic(java.lang.Object, java.lang.Object)'> (0x000000008a906cc8) 
thrown [s\src\hotspot\share\interpreter\linkResolver.cpp, line 759]
Event: 0.381 Thread 0x0000027061500b70 Exception <a 'java/lang/ClassNotFoundException'{0x000000008a72d000}: javax/smartcardio/CardPermission> (0x000000008a72d000) 
thrown [s\src\hotspot\share\classfile\systemDictionary.cpp, line 255]
Event: 0.397 Thread 0x0000027061500b70 Exception <a 'java/io/FileNotFoundException'{0x000000008a73b268}> (0x000000008a73b268) 
thrown [s\src\hotspot\share\prims\jni.cpp, line 516]

VM Operations (6 events):
Event: 0.116 Executing VM operation: HandshakeAllThreads
Event: 0.116 Executing VM operation: HandshakeAllThreads done
Event: 0.189 Executing VM operation: HandshakeAllThreads
Event: 0.189 Executing VM operation: HandshakeAllThreads done
Event: 0.250 Executing VM operation: HandshakeAllThreads
Event: 0.250 Executing VM operation: HandshakeAllThreads done

Events (20 events):
Event: 0.073 Thread 0x000002707f85de40 Thread added: 0x000002707f85de40
Event: 0.073 Thread 0x000002707f85eaa0 Thread added: 0x000002707f85eaa0
Event: 0.081 Thread 0x000002707f8785c0 Thread added: 0x000002707f8785c0
Event: 0.081 Thread 0x000002707f878f60 Thread added: 0x000002707f878f60
Event: 0.081 Thread 0x000002707f879900 Thread added: 0x000002707f879900
Event: 0.081 Thread 0x000002707f87c2c0 Thread added: 0x000002707f87c2c0
Event: 0.081 Thread 0x000002707f88dcf0 Thread added: 0x000002707f88dcf0
Event: 0.081 Thread 0x000002707f88f5f0 Thread added: 0x000002707f88f5f0
Event: 0.082 Thread 0x000002707f891ef0 Thread added: 0x000002707f891ef0
Event: 0.110 Thread 0x000002707fa8da80 Thread added: 0x000002707fa8da80
Event: 0.125 Loaded shared library C:\Users\Blu-Ray\.jdks\corretto-18.0.2\bin\zip.dll
Event: 0.127 Loaded shared library C:\Users\Blu-Ray\.jdks\corretto-18.0.2\bin\instrument.dll
Event: 0.130 Loaded shared library C:\Users\Blu-Ray\.jdks\corretto-18.0.2\bin\net.dll
Event: 0.132 Loaded shared library C:\Users\Blu-Ray\.jdks\corretto-18.0.2\bin\nio.dll
Event: 0.134 Loaded shared library C:\Users\Blu-Ray\.jdks\corretto-18.0.2\bin\zip.dll
Event: 0.152 Thread 0x000002707fbf76f0 Thread added: 0x000002707fbf76f0
Event: 0.187 Loaded shared library C:\Program Files\JetBrains\IntelliJ IDEA Community Edition 2022.2.4\bin\breakgen64.dll
Event: 0.187 Thread 0x000002707fceb480 Thread added: 0x000002707fceb480
Event: 0.187 Thread 0x000002707fda66f0 Thread added: 0x000002707fda66f0
Event: 0.246 Loaded shared library C:\Users\Blu-Ray\.jdks\corretto-18.0.2\bin\jimage.dll


Dynamic libraries:
0x00007ff7f3c40000 - 0x00007ff7f3c4d000 	C:\Users\Blu-Ray\.jdks\corretto-18.0.2\bin\java.exe
0x00007ffdd6b70000 - 0x00007ffdd6d68000 	C:\Windows\SYSTEM32\ntdll.dll
0x00007ffdd5d80000 - 0x00007ffdd5e3f000 	C:\Windows\System32\KERNEL32.DLL
0x00007ffdd4640000 - 0x00007ffdd4912000 	C:\Windows\System32\KERNELBASE.dll
0x00007ffdd4540000 - 0x00007ffdd4640000 	C:\Windows\System32\ucrtbase.dll
0x00007ffdcd0d0000 - 0x00007ffdcd0e7000 	C:\Users\Blu-Ray\.jdks\corretto-18.0.2\bin\jli.dll
0x00007ffdcb190000 - 0x00007ffdcb1a5000 	C:\Users\Blu-Ray\.jdks\corretto-18.0.2\bin\VCRUNTIME140.dll
0x00007ffdd6240000 - 0x00007ffdd63e1000 	C:\Windows\System32\USER32.dll
0x00007ffdd4b80000 - 0x00007ffdd4ba2000 	C:\Windows\System32\win32u.dll
0x00007ffdbc200000 - 0x00007ffdbc49a000 	C:\Windows\WinSxS\amd64_microsoft.windows.common-controls_6595b64144ccf1df_6.0.19041.1110_none_60b5254171f9507e\COMCTL32.dll
0x00007ffdd5f70000 - 0x00007ffdd5f9b000 	C:\Windows\System32\GDI32.dll
0x00007ffdd5ce0000 - 0x00007ffdd5d7e000 	C:\Windows\System32\msvcrt.dll
0x00007ffdd4330000 - 0x00007ffdd443f000 	C:\Windows\System32\gdi32full.dll
0x00007ffdd4290000 - 0x00007ffdd432d000 	C:\Windows\System32\msvcp_win.dll
0x00007ffdd4bb0000 - 0x00007ffdd4be2000 	C:\Windows\System32\IMM32.DLL
0x00007ffdb87d0000 - 0x00007ffdb886b000 	C:\Users\Blu-Ray\.jdks\corretto-18.0.2\bin\msvcp140.dll
0x00007ffd8a4b0000 - 0x00007ffd8b121000 	C:\Users\Blu-Ray\.jdks\corretto-18.0.2\bin\server\jvm.dll
0x00007ffdd6710000 - 0x00007ffdd67be000 	C:\Windows\System32\ADVAPI32.dll
0x00007ffdd60f0000 - 0x00007ffdd618c000 	C:\Windows\System32\sechost.dll
0x00007ffdd5e40000 - 0x00007ffdd5f65000 	C:\Windows\System32\RPCRT4.dll
0x00007ffdd6b20000 - 0x00007ffdd6b28000 	C:\Windows\System32\PSAPI.DLL
0x00007ffdcf480000 - 0x00007ffdcf489000 	C:\Windows\SYSTEM32\WSOCK32.dll
0x00007ffdb5290000 - 0x00007ffdb52b7000 	C:\Windows\SYSTEM32\WINMM.dll
0x00007ffdcbeb0000 - 0x00007ffdcbeba000 	C:\Windows\SYSTEM32\VERSION.dll
0x00007ffdd6410000 - 0x00007ffdd647b000 	C:\Windows\System32\WS2_32.dll
0x00007ffdd2ab0000 - 0x00007ffdd2ac2000 	C:\Windows\SYSTEM32\kernel.appcore.dll
0x00007ffdcb180000 - 0x00007ffdcb18a000 	C:\Users\Blu-Ray\.jdks\corretto-18.0.2\bin\jimage.dll
0x00007ffdd1ec0000 - 0x00007ffdd20a4000 	C:\Windows\SYSTEM32\DBGHELP.DLL
0x00007ffdcd880000 - 0x00007ffdcd8b5000 	C:\Windows\SYSTEM32\dbgcore.DLL
0x00007ffdd4920000 - 0x00007ffdd49a2000 	C:\Windows\System32\bcryptPrimitives.dll
0x00007ffdcd1c0000 - 0x00007ffdcd1ce000 	C:\Users\Blu-Ray\.jdks\corretto-18.0.2\bin\instrument.dll
0x00007ffdc15c0000 - 0x00007ffdc15e5000 	C:\Users\Blu-Ray\.jdks\corretto-18.0.2\bin\java.dll
0x00007ffdb86f0000 - 0x00007ffdb87c6000 	C:\Users\Blu-Ray\.jdks\corretto-18.0.2\bin\jsvml.dll
0x00007ffdd4ff0000 - 0x00007ffdd5734000 	C:\Windows\System32\SHELL32.dll
0x00007ffdd2300000 - 0x00007ffdd2a92000 	C:\Windows\SYSTEM32\windows.storage.dll
0x00007ffdd67c0000 - 0x00007ffdd6b15000 	C:\Windows\System32\combase.dll
0x00007ffdd3cc0000 - 0x00007ffdd3cf0000 	C:\Windows\SYSTEM32\Wldp.dll
0x00007ffdd4e10000 - 0x00007ffdd4ebd000 	C:\Windows\System32\SHCORE.dll
0x00007ffdd4bf0000 - 0x00007ffdd4c45000 	C:\Windows\System32\shlwapi.dll
0x00007ffdd41a0000 - 0x00007ffdd41bf000 	C:\Windows\SYSTEM32\profapi.dll
0x00007ffdba950000 - 0x00007ffdba968000 	C:\Users\Blu-Ray\.jdks\corretto-18.0.2\bin\zip.dll
0x00007ffdbe760000 - 0x00007ffdbe773000 	C:\Users\Blu-Ray\.jdks\corretto-18.0.2\bin\net.dll
0x00007ffdcaba0000 - 0x00007ffdcacac000 	C:\Windows\SYSTEM32\WINHTTP.dll
0x00007ffdd3a20000 - 0x00007ffdd3a8a000 	C:\Windows\system32\mswsock.dll
0x00007ffdbe3f0000 - 0x00007ffdbe405000 	C:\Users\Blu-Ray\.jdks\corretto-18.0.2\bin\nio.dll
0x00007ffdc17d0000 - 0x00007ffdc17ea000 	C:\Program Files\JetBrains\IntelliJ IDEA Community Edition 2022.2.4\bin\breakgen64.dll

dbghelp: loaded successfully - version: 4.0.5 - missing functions: none
symbol engine: initialized successfully - sym options: 0x614 - pdb path: .;C:\Users\Blu-Ray\.jdks\corretto-18.0.2\bin;C:\Windows\SYSTEM32;C:\Windows\WinSxS\amd64_microsoft.windows.common-controls_6595b64144ccf1df_6.0.19041.1110_none_60b5254171f9507e;C:\Users\Blu-Ray\.jdks\corretto-18.0.2\bin\server;C:\Program Files\JetBrains\IntelliJ IDEA Community Edition 2022.2.4\bin

VM Arguments:
jvm_args: -javaagent:C:\Program Files\JetBrains\IntelliJ IDEA Community Edition 2022.2.4\lib\idea_rt.jar=2150:C:\Program Files\JetBrains\IntelliJ IDEA Community Edition 2022.2.4\bin -Dfile.encoding=UTF-8 -Dsun.stdout.encoding=UTF-8 -Dsun.stderr.encoding=UTF-8 
java_command: com.example.emailBackend.EmailBackendApplication
java_class_path (initial): C:\Users\Blu-Ray\Desktop\emailBackend\target\classes;C:\Users\Blu-Ray\.m2\repository\org\springframework\boot\spring-boot-starter-web\3.0.1\spring-boot-starter-web-3.0.1.jar;C:\Users\Blu-Ray\.m2\repository\org\springframework\boot\spring-boot-starter\3.0.1\spring-boot-starter-3.0.1.jar;C:\Users\Blu-Ray\.m2\repository\org\springframework\boot\spring-boot\3.0.1\spring-boot-3.0.1.jar;C:\Users\Blu-Ray\.m2\repository\org\springframework\boot\spring-boot-autoconfigure\3.0.1\spring-boot-autoconfigure-3.0.1.jar;C:\Users\Blu-Ray\.m2\repository\org\springframework\boot\spring-boot-starter-logging\3.0.1\spring-boot-starter-logging-3.0.1.jar;C:\Users\Blu-Ray\.m2\repository\ch\qos\logback\logback-classic\1.4.5\logback-classic-1.4.5.jar;C:\Users\Blu-Ray\.m2\repository\ch\qos\logback\logback-core\1.4.5\logback-core-1.4.5.jar;C:\Users\Blu-Ray\.m2\repository\org\apache\logging\log4j\log4j-to-slf4j\2.19.0\log4j-to-slf4j-2.19.0.jar;C:\Users\Blu-Ray\.m2\repository\org\apache\logging\log4j\log4j-api\2.19.0\log4j-api-2.19.0.jar;C:\Users\Blu-Ray\.m2\repository\org\slf4j\jul-to-slf4j\2.0.6\jul-to-slf4j-2.0.6.jar;C:\Users\Blu-Ray\.m2\repository\jakarta\annotation\jakarta.annotation-api\2.1.1\jakarta.annotation-api-2.1.1.jar;C:\Users\Blu-Ray\.m2\repository\org\yaml\snakeyaml\1.33\snakeyaml-1.33.jar;C:\Users\Blu-Ray\.m2\repository\org\springframework\boot\spring-boot-starter-json\3.0.1\spring-boot-starter-json-3.0.1.jar;C:\Users\Blu-Ray\.m2\repository\com\fasterxml\jackson\core\jackson-databind\2.14.1\jackson-databind-2.14.1.jar;C:\Users\Blu-Ray\.m2\repository\com\fasterxml\jackson\core\jackson-annotations\2.14.1\jackson-annotations-2.14.1.jar;C:\Users\Blu-Ray\.m2\repository\com\fasterxml\jackson\core\jackson-core\2.14.1\jackson-core-2.14.1.jar;C:\Users\Blu-Ray\.m2\repository\com\fasterxml\jackson\datatype\jackson-datatype-jdk8\2.14.1\jackson-datatype-jdk8-2.14.1.jar;C:\Users\Blu-Ray\.m2\repository\com\fasterxml\jackson\datatype\jackson-datatype-jsr310\2.14.1\jackson-datatype-jsr310-2.14.1.jar;C:\Users\Blu-Ray\.m2\repository\com\fasterxml\jackson\module\jackson-module-parameter-names\2.14.1\jackson-module-parameter-names-2.14.1.jar;C:\Users\Blu-Ray\.m2\repository\org\springframework\boot\spring-boot-starter-tomcat\3.0.1\spring-boot-starter-tomcat-3.0.1.jar;C:\Users\Blu-Ray\.m2\repository\org\apache\tomcat\embed\tomcat-embed-core\10.1.4\tomcat-embed-core-10.1.4.jar;C:\Users\Blu-Ray\.m2\repository\org\apache\tomcat\embed\tomcat-embed-el\10.1.4\tomcat-embed-el-10.1.4.jar;C:\Users\Blu-Ray\.m2\repository\org\apache\tomcat\embed\tomcat-embed-websocket\10.1.4\tomcat-embed-websocket-10.1.4.jar;C:\Users\Blu-Ray\.m2\repository\org\springframework\spring-web\6.0.3\spring-web-6.0.3.jar;C:\Users\Blu-Ray\.m2\repository\org\springframework\spring-beans\6.0.3\spring-beans-6.0.3.jar;C:\Users\Blu-Ray\.m2\repository\io\micrometer\micrometer-observation\1.10.2\micrometer-observation-1.10.2.jar;C:\Users\Blu-Ray\.m2\repository\io\micrometer\micrometer-commons\1.10.2\micrometer-commons-1.10.2.jar;C:\Users\Blu-Ray\.m2\repository\org\springframework\spring-webmvc\6.0.3\spring-webmvc-6.0.3.jar;C:\Users\Blu-Ray\.m2\repository\org\springframework\spring-aop\6.0.3\spring-aop-6.0.3.jar;C:\Users\Blu-Ray\.m2\repository\org\springframework\spring-context\6.0.3\spring-context-6.0.3.jar;C:\Users\Blu-Ray\.m2\repository\org\springframework\spring-expression\6.0.3\spring-expression-6.0.3.jar;C:\Users\Blu-Ray\.m2\repository\org\slf4j\slf4j-api\2.0.6\slf4j-api-2.0.6.jar;C:\Users\Blu-Ray\.m2\repository\org\springframework\spring-core\6.0.3\spring-core-6.0.3.jar;C:\Users\Blu-Ray\.m2\repository\org\springframework\spring-jcl\6.0.3\spring-jcl-6.0.3.jar
Launcher Type: SUN_STANDARD

[Global flags]
     intx CICompilerCount                          = 4                                         {product} {ergonomic}
     uint ConcGCThreads                            = 2                                         {product} {ergonomic}
     uint G1ConcRefinementThreads                  = 8                                         {product} {ergonomic}
   size_t G1HeapRegionSize                         = 1048576                                   {product} {ergonomic}
    uintx GCDrainStackTargetSize                   = 64                                        {product} {ergonomic}
   size_t InitialHeapSize                          = 132120576                                 {product} {ergonomic}
   size_t MarkStackSize                            = 4194304                                   {product} {ergonomic}
   size_t MaxHeapSize                              = 2097152000                                {product} {ergonomic}
   size_t MaxNewSize                               = 1258291200                                {product} {ergonomic}
   size_t MinHeapDeltaBytes                        = 1048576                                   {product} {ergonomic}
   size_t MinHeapSize                              = 8388608                                   {product} {ergonomic}
    uintx NonNMethodCodeHeapSize                   = 5839372                                {pd product} {ergonomic}
    uintx NonProfiledCodeHeapSize                  = 122909434                              {pd product} {ergonomic}
     bool PerfDisableSharedMem                     = true                                      {product} {ergonomic}
    uintx ProfiledCodeHeapSize                     = 122909434                              {pd product} {ergonomic}
    uintx ReservedCodeCacheSize                    = 251658240                              {pd product} {ergonomic}
     bool SegmentedCodeCache                       = true                                      {product} {ergonomic}
   size_t SoftMaxHeapSize                          = 2097152000                             {manageable} {ergonomic}
     bool UseCompressedClassPointers               = true                           {product lp64_product} {ergonomic}
     bool UseCompressedOops                        = true                           {product lp64_product} {ergonomic}
     bool UseG1GC                                  = true                                      {product} {ergonomic}
     bool UseLargePagesIndividualAllocation        = false                                  {pd product} {ergonomic}

Logging:
Log output configuration:
 #0: stdout all=warning uptime,level,tags foldmultilines=false
 #1: stderr all=off uptime,level,tags foldmultilines=false

Environment Variables:
PATH=C:\Program Files (x86)\Common Files\Oracle\Java\javapath;C:\Windows\system32;C:\Windows;C:\Windows\System32\Wbem;C:\Windows\System32\WindowsPowerShell\v1.0\;C:\Windows\System32\OpenSSH\;C:\Program Files (x86)\NVIDIA Corporation\PhysX\Common;C:\Program Files\NVIDIA Corporation\NVIDIA NvDLISR;C:\Program Files\nodejs\;C:\Users\Blu-Ray\AppData\Local\Microsoft\WindowsApps;C:\Users\Blu-Ray\AppData\Local\Programs\Microsoft VS Code\bin;C:\Users\Blu-Ray\AppData\Roaming\npm;C:\Program Files\JetBrains\IntelliJ IDEA Community Edition 2022.2.4\bin;
USERNAME=Blu-Ray
OS=Windows_NT
PROCESSOR_IDENTIFIER=Intel64 Family 6 Model 142 Stepping 12, GenuineIntel



---------------  S Y S T E M  ---------------

OS:
 Windows 10 , 64 bit Build 19041 (10.0.19041.2364)
OS uptime: 0 days 8:03 hours

CPU: total 8 (initial active 8) (4 cores per cpu, 2 threads per core) family 6 model 142 stepping 12 microcode 0xde, cx8, cmov, fxsr, ht, mmx, 3dnowpref, sse, sse2, sse3, ssse3, sse4.1, sse4.2, popcnt, lzcnt, tsc, tscinvbit, avx, avx2, aes, erms, clmul, bmi1, bmi2, adx, fma, vzeroupper, clflush, clflushopt

Memory: 4k page, system-wide physical 7995M (583M free)
TotalPageFile size 9890M (AvailPageFile size 0M)
current process WorkingSet (physical memory assigned to process): 46M, peak: 46M
current process commit charge ("private bytes"): 214M, peak: 214M

vm_info: OpenJDK 64-Bit Server VM (18.0.2+9-FR) for windows-amd64 JRE (18.0.2+9-FR), built on Jul 15 2022 20:03:03 by "Administrator" with MS VC++ 15.9 (VS2017)

END.
